F:\maimai\Maichart-Converts\POPSアニメ\752_TRUEMYHEARTLOVABLEMIX
F:\maimai\Maichart-Converts\niconicoボーカロイド\675_シロイユキノフリンセスハ
F:\maimai\Maichart-Converts\オンゲキCHUNITHM\11029_TITANIA_DX
F:\maimai\Maichart-Converts\オンゲキCHUNITHM\11172_ホケツトカラヌリツフセ_DX
F:\maimai\Maichart-Converts\ゲームバラエティ\270_OUTLAWSLULLABY
F:\maimai\Maichart-Converts\niconicoボーカロイド\331_HEARTBEATS2
F:\maimai\Maichart-Converts\maimai\11609_サンハテイ_DX
F:\maimai\Maichart-Converts\オンゲキCHUNITHM\696_STILL
F:\maimai\Maichart-Converts\niconicoボーカロイド\315_シンカイシヨウシヨ
F:\maimai\Maichart-Converts\オンゲキCHUNITHM\11315_FALSUMATLANTIS_DX
F:\maimai\Maichart-Converts\niconicoボーカロイド\11264_ユウレイトウキヨウ_DX
F:\maimai\Maichart-Converts\maimai\531_PROPHESYONE
F:\maimai\Maichart-Converts\niconicoボーカロイド\11729_オシオキGIMMICK_DX
F:\maimai\Maichart-Converts\東方Project\657_オオテイエンスヲウコカステイトノノウリヨク
F:\maimai\Maichart-Converts\maimai\234_ENDOFTWILIGHT
F:\maimai\Maichart-Converts\宴会場\100508_レンアイサイハン_DX
F:\maimai\Maichart-Converts\東方Project\818_インセン
F:\maimai\Maichart-Converts\maimai\11375_ミルキイスタアシユウテインクスタア_DX
F:\maimai\Maichart-Converts\niconicoボーカロイド\291_ハロハワユ
F:\maimai\Maichart-Converts\niconicoボーカロイド\599_オトレオオケストラ
F:\maimai\Maichart-Converts\maimai\11677_BLOODYTRAIL_DX
F:\maimai\Maichart-Converts\niconicoボーカロイド\11337_セカイハマタハシマツテスライナイ_DX
F:\maimai\Maichart-Converts\オンゲキCHUNITHM\11405_エエタヘエタイイタ_DX
F:\maimai\Maichart-Converts\POPSアニメ\743_アンチクロツクワイス
F:\maimai\Maichart-Converts\東方Project\11701_サヨナラヒストリイ_DX
F:\maimai\Maichart-Converts\maimai\260_LUCIA
F:\maimai\Maichart-Converts\ゲームバラエティ\112_LIKETHEWINDREBORN
F:\maimai\Maichart-Converts\ゲームバラエティ\11570_SHOOTINGSHOWERDANCETIMEシンテイ_DX
F:\maimai\Maichart-Converts\niconicoボーカロイド\11695_ネオキヤシノキ_DX
F:\maimai\Maichart-Converts\niconicoボーカロイド\11773_テンセイリンコ_DX
F:\maimai\Maichart-Converts\ゲームバラエティ\10128_ミハタノモトニ_DX
F:\maimai\Maichart-Converts\maimai\11166_ワンタアシヤツフエンノホウソク_DX
F:\maimai\Maichart-Converts\ゲームバラエティ\11075_フナイフナイセンソウ_DX
F:\maimai\Maichart-Converts\maimai\242_ナミタトリユウセイ
F:\maimai\Maichart-Converts\niconicoボーカロイド\63_メランコリツク
F:\maimai\Maichart-Converts\maimai\11676_LUNATICVIBES_DX
F:\maimai\Maichart-Converts\オンゲキCHUNITHM\11024_AGITATION_DX
F:\maimai\Maichart-Converts\ゲームバラエティ\11713_QUATTUORUX_DX
F:\maimai\Maichart-Converts\maimai\11621_フラフラフラ_DX
F:\maimai\Maichart-Converts\maimai\11742_OURANIA_DX
F:\maimai\Maichart-Converts\POPSアニメ\11774_メイトナヤツラFEATテンカイツカササトウホオムスアツクンタイマオウウタイメイカ_DX
F:\maimai\Maichart-Converts\niconicoボーカロイド\11189_カラント_DX
F:\maimai\Maichart-Converts\ゲームバラエティ\11704_DUALROZES_DX
F:\maimai\Maichart-Converts\niconicoボーカロイド\281_タフルラリアツト
F:\maimai\Maichart-Converts\ゲームバラエティ\11787_マヨエルネイロハコイノウタ_DX
F:\maimai\Maichart-Converts\niconicoボーカロイド\107_ロミオトシンテレラ
F:\maimai\Maichart-Converts\niconicoボーカロイド\10190_モサイクロオル_DX
F:\maimai\Maichart-Converts\オンゲキCHUNITHM\11248_MEGATONBLAST_DX
F:\maimai\Maichart-Converts\maimai\418_WELCOMETOMAIMAI
F:\maimai\Maichart-Converts\オンゲキCHUNITHM\11552_YYYケイカク_DX
F:\maimai\Maichart-Converts\POPSアニメ\718_ヤハイマルマル
F:\maimai\Maichart-Converts\maimai\11299_NAGAREBOSHIROCKET_DX
F:\maimai\Maichart-Converts\オンゲキCHUNITHM\11316_WEAREUS_DX
F:\maimai\Maichart-Converts\niconicoボーカロイド\11665_RADDOGS_DX
F:\maimai\Maichart-Converts\POPSアニメ\11077_テヒルアイトル_DX
F:\maimai\Maichart-Converts\maimai\11744_DEICIDE_DX
F:\maimai\Maichart-Converts\POPSアニメ\11072_SOULRIDEON_DX
F:\maimai\Maichart-Converts\POPSアニメ\679_LOSLOSLOS
F:\maimai\Maichart-Converts\POPSアニメ\11182_MIRACLERUSH_DX
F:\maimai\Maichart-Converts\ゲームバラエティ\293_OURFIGHTING
F:\maimai\Maichart-Converts\niconicoボーカロイド\169_galaxias!
F:\maimai\Maichart-Converts\niconicoボーカロイド\10315_シンカイシヨウシヨ
F:\maimai\Maichart-Converts\東方Project\11841_IDORATRIZEWORLD_DX
F:\maimai\Maichart-Converts\ゲームバラエティ\76_キミノタメナラシネル
F:\maimai\Maichart-Converts\ゲームバラエティ\11568_INTERNETOVERDOSE_DX
F:\maimai\Maichart-Converts\POPSアニメ\11257_ヒツクカメラノテエマソンク_DX
F:\maimai\Maichart-Converts\niconicoボーカロイド\11325_テレキヤスタアヒイホオイ_DX
F:\maimai\Maichart-Converts\ゲームバラエティ\81_ROOFTOPRUNACT1
F:\maimai\Maichart-Converts\niconicoボーカロイド\198_カケロウテイス
F:\maimai\Maichart-Converts\maimai\365_カラテアノラセン
F:\maimai\Maichart-Converts\niconicoボーカロイド\71_マトリヨシカ
F:\maimai\Maichart-Converts\POPSアニメ\11036_USA_DX
F:\maimai\Maichart-Converts\ゲームバラエティ\11140_BLACKLAIR_DX
F:\maimai\Maichart-Converts\POPSアニメ\11063_メサメRETURNER_DX
F:\maimai\Maichart-Converts\東方Project\205_センシンルイノヒソウテンソク
F:\maimai\Maichart-Converts\niconicoボーカロイド\10146_39
F:\maimai\Maichart-Converts\POPSアニメ\505_ちょちょちょ！ゆるゆり☆かぷりっちょ！！！
F:\maimai\Maichart-Converts\maimai\11303_ホシヨミトテスヘラアト_DX
F:\maimai\Maichart-Converts\niconicoボーカロイド\512_STARGAZER
F:\maimai\Maichart-Converts\東方Project\11564_リスヘクフウシン_DX
F:\maimai\Maichart-Converts\ゲームバラエティ\147_チシヨウノセンシ
F:\maimai\Maichart-Converts\オンゲキCHUNITHM\11314_LIFTOFF_DX
F:\maimai\Maichart-Converts\niconicoボーカロイド\11833_ユリカコ_DX
F:\maimai\Maichart-Converts\niconicoボーカロイド\46_ルカルカナイトフイイハア
F:\maimai\Maichart-Converts\POPSアニメ\712_ミラクルシヨツヒンク
F:\maimai\Maichart-Converts\ゲームバラエティ\443_SPECIALISTNEVERMOREVER
F:\maimai\Maichart-Converts\ゲームバラエティ\78_マリアヲハケマセ
F:\maimai\Maichart-Converts\ゲームバラエティ\11081_サンハラント_DX
F:\maimai\Maichart-Converts\maimai\366_OBORO
F:\maimai\Maichart-Converts\niconicoボーカロイド\810_サウント
F:\maimai\Maichart-Converts\オンゲキCHUNITHM\11604_ウソテイイツカイセンセリナVSシロナVSナスナ_DX
F:\maimai\Maichart-Converts\maimai\820_FFT
F:\maimai\Maichart-Converts\maimai\362_BETTERCHOICE
F:\maimai\Maichart-Converts\maimai\630_アイマイMIND
F:\maimai\Maichart-Converts\POPSアニメ\11062_アタハナネクロマンシイ_DX
F:\maimai\Maichart-Converts\maimai\11534_THEGREATBANQUET_DX
F:\maimai\Maichart-Converts\niconicoボーカロイド\515_クノイチテモコイカシタイ
F:\maimai\Maichart-Converts\niconicoボーカロイド\73_メクメクフアイアアエントレスナイト
F:\maimai\Maichart-Converts\maimai\11673_IFU_DX
F:\maimai\Maichart-Converts\POPSアニメ\11369_カイカイキタン_DX
F:\maimai\Maichart-Converts\宴会場\111365_アンヒハレンス_DX
F:\maimai\Maichart-Converts\maimai\567_HERA
F:\maimai\Maichart-Converts\niconicoボーカロイド\11274_アルテイメツトセンハイ_DX
F:\maimai\Maichart-Converts\maimai\11748_シスタアシスタア_DX
F:\maimai\Maichart-Converts\niconicoボーカロイド\10044_ハツヒイシンセサイサ_DX
F:\maimai\Maichart-Converts\POPSアニメ\11692_INTERNETYAMERO_DX
F:\maimai\Maichart-Converts\ゲームバラエティ\11789_ABSTRUSEDILEMMA_DX
F:\maimai\Maichart-Converts\maimai\133_WEGONNAPARTY
F:\maimai\Maichart-Converts\POPSアニメ\338_リクライム
F:\maimai\Maichart-Converts\東方Project\437_YETANOTHERDRIZZLYRAIN
F:\maimai\Maichart-Converts\POPSアニメ\10021_コネクト_DX
F:\maimai\Maichart-Converts\niconicoボーカロイド\477_チユウヒヨウケキハツホオイ
F:\maimai\Maichart-Converts\ゲームバラエティ\11211_カラツホノンフイクシヨン_DX
F:\maimai\Maichart-Converts\POPSアニメ\323_YATTA
F:\maimai\Maichart-Converts\東方Project\11436_クレイナイニソマルコイノハナ_DX
F:\maimai\Maichart-Converts\maimai\495_HYPERACTIVE
F:\maimai\Maichart-Converts\POPSアニメ\754_ARRIVALOFTEARS
F:\maimai\Maichart-Converts\maimai\11300_UNIVERSEキンカランシヨウ_DX
F:\maimai\Maichart-Converts\ゲームバラエティ\11723_BOOMBOOMBOOM_DX
F:\maimai\Maichart-Converts\maimai\11236_LASTSAMURAI_DX
F:\maimai\Maichart-Converts\POPSアニメ\10668_ヨウコソシヤハリハアクヘ
F:\maimai\Maichart-Converts\POPSアニメ\475_カクシンテキメタマルフオウセ
F:\maimai\Maichart-Converts\niconicoボーカロイド\847_カラフルメロテイ
F:\maimai\Maichart-Converts\オンゲキCHUNITHM\11624_SQUADPHVNTOM_DX
F:\maimai\Maichart-Converts\niconicoボーカロイド\189_ヨワムシモンフラン
F:\maimai\Maichart-Converts\宴会場\100018_LOVEYOU
F:\maimai\Maichart-Converts\niconicoボーカロイド\11126_ハイオレンストリカア_DX
F:\maimai\Maichart-Converts\POPSアニメ\11408_アノヨイキノハスニノツテサラハ_DX
F:\maimai\Maichart-Converts\niconicoボーカロイド\11262_エイエンニケエムテタイセンシタイキリタン_DX
F:\maimai\Maichart-Converts\オンゲキCHUNITHM\11550_FLUFFYFLASH_DX
F:\maimai\Maichart-Converts\niconicoボーカロイド\11059_カイコクカクタントリリア_DX
F:\maimai\Maichart-Converts\東方Project\11048_ナイトオフナイツクランキイリミツクス_DX
F:\maimai\Maichart-Converts\POPSアニメ\18_LOVEYOU
F:\maimai\Maichart-Converts\宴会場\110082_REACHFORTHESTARS_DX
F:\maimai\Maichart-Converts\maimai\10251_MONOCHROMERAINBOW
F:\maimai\Maichart-Converts\POPSアニメ\377_おいでよ！妖精の森
F:\maimai\Maichart-Converts\ゲームバラエティ\11419_CATERPILLARSONG_DX
F:\maimai\Maichart-Converts\POPSアニメ\149_SPELL MAGIC
F:\maimai\Maichart-Converts\maimai\364_DONTSTOPROCKIN
F:\maimai\Maichart-Converts\オンゲキCHUNITHM\11471_クモノイト_DX
F:\maimai\Maichart-Converts\宴会場\111714_トクメイM_DX
F:\maimai\Maichart-Converts\東方Project\583_STARLIGHTVISION
F:\maimai\Maichart-Converts\POPSアニメ\10475_カクシンテキメタマルフオウセ_DX
F:\maimai\Maichart-Converts\maimai\11089_STEELTRANSONIC_DX
F:\maimai\Maichart-Converts\maimai\11622_シツクスフラン_DX
F:\maimai\Maichart-Converts\maimai\834_PANDORAPARADOXXX
F:\maimai\Maichart-Converts\ゲームバラエティ\11771_CHRONOMIA_DX
F:\maimai\Maichart-Converts\ゲームバラエティ\11585_SUNDAYNIGHTFEATKANATAN_DX
F:\maimai\Maichart-Converts\オンゲキCHUNITHM\11477_GHOSTDANCE_DX
F:\maimai\Maichart-Converts\niconicoボーカロイド\448_アリフレタセカイセイフク
F:\maimai\Maichart-Converts\maimai\446_GEMINIM
F:\maimai\Maichart-Converts\東方Project\11718_BADAPPLEFEATNOMICOTETSUYAKOMUROREMIX_DX
F:\maimai\Maichart-Converts\niconicoボーカロイド\11353_クツハイセンケン_DX
F:\maimai\Maichart-Converts\maimai\11004_MAXRAGE_DX
F:\maimai\Maichart-Converts\maimai\11469_411892_DX
F:\maimai\Maichart-Converts\東方Project\11580_ホトケナイヨウニ_DX
F:\maimai\Maichart-Converts\maimai\11460_NEONKINGDOM_DX
F:\maimai\Maichart-Converts\niconicoボーカロイド\409_モウソウセイ
F:\maimai\Maichart-Converts\maimai\11740_ハテノソラホクラカミタヒカリ_DX
F:\maimai\Maichart-Converts\niconicoボーカロイド\693_キレキヤリオン
F:\maimai\Maichart-Converts\宴会場\110793_ロキ_DX
F:\maimai\Maichart-Converts\maimai\11391_WIPEOUTMEMORIES_DX
F:\maimai\Maichart-Converts\niconicoボーカロイド\11190_トリアエスアナタカイナクナルマエニ_DX
F:\maimai\Maichart-Converts\niconicoボーカロイド\514_ヘルシイエント
F:\maimai\Maichart-Converts\東方Project\425_トウホウヨウヨウムTHEMAXIMUMMOVINGABOUT
F:\maimai\Maichart-Converts\東方Project\11277_MELODY_DX
F:\maimai\Maichart-Converts\niconicoボーカロイド\11044_メルテイラントナイトメア_DX
F:\maimai\Maichart-Converts\maimai\777_ハナトユキノトラムンヘエス
F:\maimai\Maichart-Converts\オンゲキCHUNITHM\11028_カンクキヨウソウキヨクシユウエン_DX
F:\maimai\Maichart-Converts\オンゲキCHUNITHM\821_OUTSIDERREQUIEM
F:\maimai\Maichart-Converts\POPSアニメ\11150_ウマイネエムイスウマミチヤン_DX
F:\maimai\Maichart-Converts\niconicoボーカロイド\11129_スウハアヌコニナレンカツタ_DX
F:\maimai\Maichart-Converts\ゲームバラエティ\672_MILK
F:\maimai\Maichart-Converts\maimai\11675_ソウメツ_DX
F:\maimai\Maichart-Converts\niconicoボーカロイド\11124_スロウタウナア_DX
F:\maimai\Maichart-Converts\niconicoボーカロイド\11132_ヒヨウリイツタイ_DX
F:\maimai\Maichart-Converts\POPSアニメ\168_LOVEドッきゅん♥
F:\maimai\Maichart-Converts\東方Project\10572_SCREAMOUTMAIMAISONICWASHEREDIT_DX
F:\maimai\Maichart-Converts\maimai\134_NIGHTFLY
F:\maimai\Maichart-Converts\niconicoボーカロイド\375_ONESTEPAHEAD
F:\maimai\Maichart-Converts\niconicoボーカロイド\11263_KING_DX
F:\maimai\Maichart-Converts\maimai\11365_アンヒハレンス_DX
F:\maimai\Maichart-Converts\東方Project\541_カチヨウフウケツ
F:\maimai\Maichart-Converts\宴会場\111113_ハムタロウトツトコウタ_DX
F:\maimai\Maichart-Converts\maimai\11618_ENERGIZINGFLAME_DX
F:\maimai\Maichart-Converts\ゲームバラエティ\110_QUARTETTHEMEREBORN
F:\maimai\Maichart-Converts\ゲームバラエティ\11724_EVERYBODYSAYHARDCORETANOC_DX
F:\maimai\Maichart-Converts\POPSアニメ\824_DEEPINABYSS
F:\maimai\Maichart-Converts\オンゲキCHUNITHM\768_HELPMEARRIN
F:\maimai\Maichart-Converts\niconicoボーカロイド\782_オネカイタアリン
F:\maimai\Maichart-Converts\ゲームバラエティ\11285_MAKEITFUNKYNOW_DX
F:\maimai\Maichart-Converts\maimai\69_BABANアマイワナ
F:\maimai\Maichart-Converts\maimai\31_ニシトタイヨウ
F:\maimai\Maichart-Converts\niconicoボーカロイド\283_ネトケハイシンシユフレフコオル
F:\maimai\Maichart-Converts\maimai\11538_アンハアクロニクル_DX
F:\maimai\Maichart-Converts\niconicoボーカロイド\513_タンタンハヤクナル
F:\maimai\Maichart-Converts\POPSアニメ\11835_ハイヨロコンテ_DX
F:\maimai\Maichart-Converts\オンゲキCHUNITHM\11025_カンケンカククミキヨクタイサンハンニチヨウチヨウタイニキヨクシイセンシヨウノアリアBWV10682_DX
F:\maimai\Maichart-Converts\maimai\1103_カシヨウキンカノシンフオニエツタ
F:\maimai\Maichart-Converts\東方Project\10572_SCREAMOUTMAIMAISONICWASHEREDIT
F:\maimai\Maichart-Converts\maimai\11307_YORUGAO_DX
F:\maimai\Maichart-Converts\ゲームバラエティ\1081_サンハラント
F:\maimai\Maichart-Converts\ゲームバラエティ\11281_REENDOFADREAM_DX
F:\maimai\Maichart-Converts\宴会場\100700_シツソウアンサンフル_DX
F:\maimai\Maichart-Converts\niconicoボーカロイド\11838_メスマライサア_DX
F:\maimai\Maichart-Converts\maimai\472_アアシエントシンメトリイ
F:\maimai\Maichart-Converts\オンゲキCHUNITHM\11295_ノウテンチヨクケキ_DX
F:\maimai\Maichart-Converts\maimai\11104_ヤミツキ_DX
F:\maimai\Maichart-Converts\ゲームバラエティ\345_リツシテリツシテGOGOGOGMTMASHUP
F:\maimai\Maichart-Converts\POPSアニメ\11432_PRINCESS_DX
F:\maimai\Maichart-Converts\オンゲキCHUNITHM\11525_ヒユクマリオンノシユモン_DX
F:\maimai\Maichart-Converts\ゲームバラエティ\11702_NEWYORKBACKRAISE_DX
F:\maimai\Maichart-Converts\maimai\143_FRAGRANCE
F:\maimai\Maichart-Converts\niconicoボーカロイド\11795_ミキニマカアル_DX
F:\maimai\Maichart-Converts\niconicoボーカロイド\761_コノフサケタスハラシキセカイハホクノタメニアル
F:\maimai\Maichart-Converts\POPSアニメ\751_カチヤカチヤキユウトフイキユアツトメイト
F:\maimai\Maichart-Converts\宴会場\100508_レンアイサイハン
F:\maimai\Maichart-Converts\maimai\11674_CIDERPARTY_DX
F:\maimai\Maichart-Converts\宴会場\110114_SPACEHARRIERMAINTHEMEREBORN_DX
F:\maimai\Maichart-Converts\ゲームバラエティ\11842_SYNTHESIS_DX
F:\maimai\Maichart-Converts\niconicoボーカロイド\11716_ハカツウシン_DX
F:\maimai\Maichart-Converts\niconicoボーカロイド\764_フイクサア
F:\maimai\Maichart-Converts\東方Project\10301_カンフテトマツテスクトケル
F:\maimai\Maichart-Converts\東方Project\766_アマノシヤクリハアスFEATYTR
F:\maimai\Maichart-Converts\ゲームバラエティ\11591_ULTRASYNERGYMATRIX_DX
F:\maimai\Maichart-Converts\ゲームバラエティ\11798_オネカイコンコンオイナリサマ_DX
F:\maimai\Maichart-Converts\POPSアニメ\405_カノン
F:\maimai\Maichart-Converts\東方Project\312_ツテイエイエンテイVER
F:\maimai\Maichart-Converts\宴会場\111634_セイシユンコンフレツクス_DX
F:\maimai\Maichart-Converts\POPSアニメ\11420_PHOTONMELODIES_DX
F:\maimai\Maichart-Converts\東方Project\298_オヨメニシナサイツ
F:\maimai\Maichart-Converts\ゲームバラエティ\444_TIMETOMAKEHISTORYAKIRAYAMAOKAREMIX
F:\maimai\Maichart-Converts\東方Project\302_ケロ9DESTINY
F:\maimai\Maichart-Converts\niconicoボーカロイド\11482_シレンマ_DX
F:\maimai\Maichart-Converts\niconicoボーカロイド\587_シラユキ
F:\maimai\Maichart-Converts\POPSアニメ\161_CANDY CANDY
F:\maimai\Maichart-Converts\niconicoボーカロイド\748_ミラクルヘイント
F:\maimai\Maichart-Converts\niconicoボーカロイド\436_オシヤマムシ
F:\maimai\Maichart-Converts\東方Project\11279_ハウリンク_DX
F:\maimai\Maichart-Converts\POPSアニメ\11639_BURNMYSOUL_DX
F:\maimai\Maichart-Converts\maimai\11014_マイマイマイラフ_DX
F:\maimai\Maichart-Converts\宴会場\111597_ノンフレスオフリイシユ_DX
F:\maimai\Maichart-Converts\maimai\10242_ナミタトリユウセイ
F:\maimai\Maichart-Converts\POPSアニメ\11117_イセカイカルテツト_DX
F:\maimai\Maichart-Converts\POPSアニメ\174_創聖のアクエリオン
F:\maimai\Maichart-Converts\宴会場\100548_DETARAMEROCKROLLTHEORY
F:\maimai\Maichart-Converts\ゲームバラエティ\441_PURSUINGMYTRUESELF
F:\maimai\Maichart-Converts\niconicoボーカロイド\11088_39ミユウシツク_DX
F:\maimai\Maichart-Converts\niconicoボーカロイド\552_コオストルウル
F:\maimai\Maichart-Converts\東方Project\817_トウホウニコカラヒシンマタアラフユウチヤリンクタマオンセンイオシス
F:\maimai\Maichart-Converts\POPSアニメ\11055_POPPYPAPPYDAY_DX
F:\maimai\Maichart-Converts\宴会場\100121_スイートマジック
F:\maimai\Maichart-Converts\東方Project\10641_CALAMITYFORTUNE_DX
F:\maimai\Maichart-Converts\ゲームバラエティ\798_セイクリツトルイン
F:\maimai\Maichart-Converts\maimai\11164_ハラホラ_DX
F:\maimai\Maichart-Converts\POPSアニメ\11556_HELLOHOLOGRAM_DX
F:\maimai\Maichart-Converts\POPSアニメ\902_つーのふぁーんおゆえんいします
F:\maimai\Maichart-Converts\東方Project\204_ナイトオフナイツ
F:\maimai\Maichart-Converts\POPSアニメ\11501_DIVEINTOTHEZONE_DX
F:\maimai\Maichart-Converts\niconicoボーカロイド\11659_テンシノツハサ_DX
F:\maimai\Maichart-Converts\ゲームバラエティ\738_BRAINPOWER
F:\maimai\Maichart-Converts\niconicoボーカロイド\620_トウキヨウレトロ
F:\maimai\Maichart-Converts\東方Project\584_CLUBIBUKIINBREAKALL
F:\maimai\Maichart-Converts\maimai\11009_STEREOSCAPE_DX
F:\maimai\Maichart-Converts\maimai\11233_STARRYCOLORS_DX
F:\maimai\Maichart-Converts\niconicoボーカロイド\382_オコチヤマセンソウ
F:\maimai\Maichart-Converts\オンゲキCHUNITHM\606_THEWHEELTOTHERIGHT
F:\maimai\Maichart-Converts\POPSアニメ\60_New World
F:\maimai\Maichart-Converts\maimai\11095_カラメトリツクリコライサア_DX
F:\maimai\Maichart-Converts\niconicoボーカロイド\11192_セツタイニチヨコミントヲタヘルアオイチヤン_DX
F:\maimai\Maichart-Converts\niconicoボーカロイド\102_タンシンクサムライ
F:\maimai\Maichart-Converts\maimai\568_ワカラナイ
F:\maimai\Maichart-Converts\宴会場\110606_THEWHEELTOTHERIGHT_DX
F:\maimai\Maichart-Converts\ゲームバラエティ\11146_LUNARMARE_DX
F:\maimai\Maichart-Converts\ゲームバラエティ\10593_CONFLICT
F:\maimai\Maichart-Converts\POPSアニメ\485_FALLINGROSES
F:\maimai\Maichart-Converts\ゲームバラエティ\220_セカサタアンキトウオン
F:\maimai\Maichart-Converts\東方Project\203_HELPMEERINNNNNN
F:\maimai\Maichart-Converts\maimai\348_AXERIA
F:\maimai\Maichart-Converts\maimai\492_JUMBLERUMBLE
F:\maimai\Maichart-Converts\ゲームバラエティ\115_DADDYMULK
F:\maimai\Maichart-Converts\niconicoボーカロイド\11441_シユウエントウヒコウ_DX
F:\maimai\Maichart-Converts\東方Project\309_カミカミノイノリ
F:\maimai\Maichart-Converts\maimai\30_ネコヒヨリ
F:\maimai\Maichart-Converts\niconicoボーカロイド\358_トクセンヨク
F:\maimai\Maichart-Converts\maimai\11215_SQLUPPCAMELLIAREMIX_DX
F:\maimai\Maichart-Converts\POPSアニメ\11507_INMYWORLDPRODKOTONOHOUSE_DX
F:\maimai\Maichart-Converts\ゲームバラエティ\11517_サイキヨウSTRONGER_DX
F:\maimai\Maichart-Converts\POPSアニメ\11568_INTERNETOVERDOSE_DX
F:\maimai\Maichart-Converts\ゲームバラエティ\11429_LOVESTHEMEOFBADASSハツトアスアイノテエマ_DX
F:\maimai\Maichart-Converts\niconicoボーカロイド\11513_マワルソラウサキ_DX
F:\maimai\Maichart-Converts\POPSアニメ\11480_アノオインクサンサンウイイク_DX
F:\maimai\Maichart-Converts\maimai\11016_キリキリマイマイン_DX
F:\maimai\Maichart-Converts\maimai\233_MYTHOS
F:\maimai\Maichart-Converts\宴会場\100220_セカサタアンキトウオン
F:\maimai\Maichart-Converts\niconicoボーカロイド\383_LINK2
F:\maimai\Maichart-Converts\niconicoボーカロイド\11601_トクス_DX
F:\maimai\Maichart-Converts\maimai\11670_ノシヤロリツク_DX
F:\maimai\Maichart-Converts\maimai\11465_ヒリオトサイン_DX
F:\maimai\Maichart-Converts\東方Project\352_キユウキヨクヤキニクレストランオリンノシコクテイ
F:\maimai\Maichart-Converts\ゲームバラエティ\344_RIDGERACERSTEPSGMTREMIX
F:\maimai\Maichart-Converts\maimai\11807_ウタヒメナイトストオム_DX
F:\maimai\Maichart-Converts\niconicoボーカロイド\11520_ヒトリンホエンウイイ_DX
F:\maimai\Maichart-Converts\ゲームバラエティ\650_LETSGOAWAY
F:\maimai\Maichart-Converts\東方Project\11435_タイリンノソウルFEATAOシハフ_DX
F:\maimai\Maichart-Converts\ゲームバラエティ\61_BEATOFMIND
F:\maimai\Maichart-Converts\niconicoボーカロイド\507_キミノヨソラシヨウカイハン
F:\maimai\Maichart-Converts\maimai\263_JUMPINJUMPIN
F:\maimai\Maichart-Converts\niconicoボーカロイド\11195_マネマネサイコトロヒツク_DX
F:\maimai\Maichart-Converts\ゲームバラエティ\213_KONNANシヤナイツ
F:\maimai\Maichart-Converts\ゲームバラエティ\255_BURNINGHEARTSホノオノANGEL
F:\maimai\Maichart-Converts\niconicoボーカロイド\450_エノウマカツタトモタチ
F:\maimai\Maichart-Converts\ゲームバラエティ\11799_イツハイタヘルキミカスキタヨ_DX
F:\maimai\Maichart-Converts\maimai\159_MAIMAIチヤンノテエマ
F:\maimai\Maichart-Converts\東方Project\11201_カラクリトオル_DX
F:\maimai\Maichart-Converts\maimai\132_TURNAROUND
F:\maimai\Maichart-Converts\POPSアニメ\11251_フユノコモリウタ_DX
F:\maimai\Maichart-Converts\POPSアニメ\11183_オネカイマツスル_DX
F:\maimai\Maichart-Converts\niconicoボーカロイド\11698_ヨイトレシラス_DX
F:\maimai\Maichart-Converts\宴会場\100022_INCHAOS
F:\maimai\Maichart-Converts\maimai\11529_ツムキホシ_DX
F:\maimai\Maichart-Converts\オンゲキCHUNITHM\11243_ハシマリノヒアノ_DX
F:\maimai\Maichart-Converts\maimai\118_イヌヒヨリ
F:\maimai\Maichart-Converts\東方Project\535_イロハニオヘトチリヌルヲ
F:\maimai\Maichart-Converts\オンゲキCHUNITHM\11080_JUMPJUMPJUMP_DX
F:\maimai\Maichart-Converts\ゲームバラエティ\342_フアンタシイソオンOPAOPAGMTREMIX
F:\maimai\Maichart-Converts\maimai\493_IMITATIONLOUDLOUNGE
F:\maimai\Maichart-Converts\niconicoボーカロイド\11493_セカイ_DX
F:\maimai\Maichart-Converts\POPSアニメ\40_COMEAGAIN
F:\maimai\Maichart-Converts\POPSアニメ\579_ホツフミユウシツクハホクノモノ
F:\maimai\Maichart-Converts\宴会場\111433_ヒトカタ_DX
F:\maimai\Maichart-Converts\maimai\11530_VERFORTEARTEVEIN_DX
F:\maimai\Maichart-Converts\maimai\11170_トトカナイハナタハ_DX
F:\maimai\Maichart-Converts\niconicoボーカロイド\290_リリリリハアニンクナイト
F:\maimai\Maichart-Converts\maimai\566_アメノホアカリ
F:\maimai\Maichart-Converts\オンゲキCHUNITHM\11399_ツクヨミステツフ_DX
F:\maimai\Maichart-Converts\ゲームバラエティ\612_GOBACK2YOURRAVE
F:\maimai\Maichart-Converts\東方Project\11583_インタアネツトサハイハア_DX
F:\maimai\Maichart-Converts\東方Project\10665_チルノノハアフエクトサンスウキヨウシツキユウシユウネンハアシヨン_DX
F:\maimai\Maichart-Converts\niconicoボーカロイド\11372_NEEDLE_DX
F:\maimai\Maichart-Converts\niconicoボーカロイド\809_ムスンテヒライテラセツトムクロ
F:\maimai\Maichart-Converts\maimai\11026_TEMPTATION_DX
F:\maimai\Maichart-Converts\POPSアニメ\787_SHINYDAYS
F:\maimai\Maichart-Converts\東方Project\838_サイシユウキチクイモウトフラントオルスカアレツト
F:\maimai\Maichart-Converts\宴会場\101516_AEGLESEEKER
F:\maimai\Maichart-Converts\東方Project\585_PHANTASMBRIGADE
F:\maimai\Maichart-Converts\POPSアニメ\11421_ワカハイヨネコテアレ_DX
F:\maimai\Maichart-Converts\ゲームバラエティ\11725_ミラクルホツフアトヘンチヤア_DX
F:\maimai\Maichart-Converts\maimai\11378_STRIVEAGAINSTFATE_DX
F:\maimai\Maichart-Converts\niconicoボーカロイド\830_タチイリキンシ
F:\maimai\Maichart-Converts\POPSアニメ\501_DAYDREAMCAFE
F:\maimai\Maichart-Converts\ゲームバラエティ\1081_サンハラント_DX
F:\maimai\Maichart-Converts\maimai\131_LINK1
F:\maimai\Maichart-Converts\ゲームバラエティ\216_MYSTERIOUSDESTINY
F:\maimai\Maichart-Converts\宴会場\100517_トウキヨウリアルワアルト_DX
F:\maimai\Maichart-Converts\maimai\496_AMAZINGMIGHTYYYY
F:\maimai\Maichart-Converts\niconicoボーカロイド\11267_テイカテイスム_DX
F:\maimai\Maichart-Converts\ゲームバラエティ\390_GOTMORERAVES
F:\maimai\Maichart-Converts\maimai\681_SIGNATURE
F:\maimai\Maichart-Converts\POPSアニメ\11323_SHOOTINGSTARS_DX
F:\maimai\Maichart-Converts\ゲームバラエティ\454_AFTERBURNER
F:\maimai\Maichart-Converts\maimai\235_カエンシコク
F:\maimai\Maichart-Converts\niconicoボーカロイド\11487_EYE_DX
F:\maimai\Maichart-Converts\maimai\680_CANDYTALLWOMAN
F:\maimai\Maichart-Converts\maimai\11738_YKWTD_DX
F:\maimai\Maichart-Converts\ゲームバラエティ\11504_ハカミタイTAXIDRIVEREDITION_DX
F:\maimai\Maichart-Converts\maimai\230_CYCLES
F:\maimai\Maichart-Converts\POPSアニメ\710_REVIVERアオルタンシアサアカアオノキシタンオリシナルハアシヨン
F:\maimai\Maichart-Converts\オンゲキCHUNITHM\11239_オウケエオウライ_DX
F:\maimai\Maichart-Converts\POPSアニメ\20_恋愛サーキュレーション
F:\maimai\Maichart-Converts\オンゲキCHUNITHM\11010_STARTLINER_DX
F:\maimai\Maichart-Converts\ゲームバラエティ\324_JACKTHERIPPER
F:\maimai\Maichart-Converts\POPSアニメ\645_ホシトハナ
F:\maimai\Maichart-Converts\niconicoボーカロイド\66_ワアルスエントタンスホオル
F:\maimai\Maichart-Converts\POPSアニメ\42_JELLY
F:\maimai\Maichart-Converts\東方Project\434_フラクメンツTVMAIMAIEDIT
F:\maimai\Maichart-Converts\maimai\236_ユヒキリ
F:\maimai\Maichart-Converts\niconicoボーカロイド\831_オキニメスママ
F:\maimai\Maichart-Converts\ゲームバラエティ\347_テンシヤテテンシヤテOPAOPAOPAGMTMASHUP
F:\maimai\Maichart-Converts\ゲームバラエティ\254_LIVEANDLEARN
F:\maimai\Maichart-Converts\ゲームバラエティ\47_ケンヘイタイセンエマキテエマソンク
F:\maimai\Maichart-Converts\東方Project\11343_マツヨイナイトハク_DX
F:\maimai\Maichart-Converts\niconicoボーカロイド\646_メイタンテイレンソクサツシンシケン
F:\maimai\Maichart-Converts\POPSアニメ\744_センリヨクサマア
F:\maimai\Maichart-Converts\maimai\246_MAIムMAIムFEATシユウカンシヨウネンマカシン
F:\maimai\Maichart-Converts\東方Project\11362_ヒヒケチレイマイウエイ_DX
F:\maimai\Maichart-Converts\東方Project\11720_REUNKNOWNX_DX
F:\maimai\Maichart-Converts\ゲームバラエティ\11788_LOSCHEN_DX
F:\maimai\Maichart-Converts\オンゲキCHUNITHM\11661_APOLLO_DX
F:\maimai\Maichart-Converts\オンゲキCHUNITHM\526_BRILLIANTBETTER
F:\maimai\Maichart-Converts\ゲームバラエティ\11586_PERSONAFEATPANXI_DX
F:\maimai\Maichart-Converts\niconicoボーカロイド\11660_サヨナラフリンセス_DX
F:\maimai\Maichart-Converts\niconicoボーカロイド\11345_トウウマイヘスト_DX
F:\maimai\Maichart-Converts\niconicoボーカロイド\741_インヒシフル
F:\maimai\Maichart-Converts\niconicoボーカロイド\410_トウイウコトナノ
F:\maimai\Maichart-Converts\POPSアニメ\487_ヨウカイタイソウタイイチ
F:\maimai\Maichart-Converts\POPSアニメ\176_Butter-Fly
F:\maimai\Maichart-Converts\ゲームバラエティ\346_オハオハRACERGMTMASHUP
F:\maimai\Maichart-Converts\宴会場\130227_GARAKUTADOLLPLAY
F:\maimai\Maichart-Converts\niconicoボーカロイド\411_ハツネミクノシヨウシツ
F:\maimai\Maichart-Converts\東方Project\11065_YAKUMOJOINTSTRUGGLE2019UPDATE_DX
F:\maimai\Maichart-Converts\オンゲキCHUNITHM\11171_YURUSHITE_DX
F:\maimai\Maichart-Converts\宴会場\100456_GLORIOUSCROWN
F:\maimai\Maichart-Converts\niconicoボーカロイド\10185_ハロオフラネツト_DX
F:\maimai\Maichart-Converts\ゲームバラエティ\62_ケキテイコクカケキタン
F:\maimai\Maichart-Converts\maimai\704_SPILLOVERCOLORS
F:\maimai\Maichart-Converts\ゲームバラエティ\11418_ENCHANTEDLOVE_DX
F:\maimai\Maichart-Converts\POPSアニメ\906_SOLONG
F:\maimai\Maichart-Converts\niconicoボーカロイド\10191_ノウシヨウサクレツカアル
F:\maimai\Maichart-Converts\niconicoボーカロイド\11052_クリインライツセレナアテ_DX
F:\maimai\Maichart-Converts\niconicoボーカロイド\10125_センホンサクラ
F:\maimai\Maichart-Converts\niconicoボーカロイド\11511_ヘヘレケシヤンキイ_DX
F:\maimai\Maichart-Converts\niconicoボーカロイド\11197_レツトウシヨウトウ_DX
F:\maimai\Maichart-Converts\maimai\11156_マイオトレマイマイタイム_DX
F:\maimai\Maichart-Converts\POPSアニメ\53_ウツクシクモエルモリ
F:\maimai\Maichart-Converts\niconicoボーカロイド\11328_テツトマンスハラツト_DX
F:\maimai\Maichart-Converts\POPSアニメ\907_飞行志
F:\maimai\Maichart-Converts\niconicoボーカロイド\451_トンチンカンノエン
F:\maimai\Maichart-Converts\ゲームバラエティ\844_ENDTIME
F:\maimai\Maichart-Converts\maimai\11467_BEATOPERAOP1_DX
F:\maimai\Maichart-Converts\maimai\11229_スロオアライス_DX
F:\maimai\Maichart-Converts\POPSアニメ\10500_シユカアソンクトヒタアステツフ_DX
F:\maimai\Maichart-Converts\ゲームバラエティ\575_STAR☆GLITTER
F:\maimai\Maichart-Converts\niconicoボーカロイド\622_ハツトタンスホオル
F:\maimai\Maichart-Converts\POPSアニメ\11577_ハンフンコ_DX
F:\maimai\Maichart-Converts\niconicoボーカロイド\186_イアイアナイトオフテサイア
F:\maimai\Maichart-Converts\niconicoボーカロイド\258_NYANCATEX
F:\maimai\Maichart-Converts\ゲームバラエティ\339_DRAGONLADY
F:\maimai\Maichart-Converts\maimai\11741_CRYPTARITHM_DX
F:\maimai\Maichart-Converts\maimai\219_キオクキロク
F:\maimai\Maichart-Converts\maimai\349_ヒイマンタヘタラ
F:\maimai\Maichart-Converts\maimai\11533_ニヤアニヤアホウケンタン_DX
F:\maimai\Maichart-Converts\niconicoボーカロイド\11499_マアシヤルマキシマイサア_DX
F:\maimai\Maichart-Converts\POPSアニメ\11409_ウマヒヨイテンセツ_DX
F:\maimai\Maichart-Converts\オンゲキCHUNITHM\11173_トリトリモリモリラフリイフルウツ_DX
F:\maimai\Maichart-Converts\POPSアニメ\480_HIMITSUスハアク
F:\maimai\Maichart-Converts\maimai\421_AIOLOS
F:\maimai\Maichart-Converts\ゲームバラエティ\11594_BULKUPGAMEEXCLUSIVEEDIT_DX
F:\maimai\Maichart-Converts\niconicoボーカロイド\663_チカウ
F:\maimai\Maichart-Converts\niconicoボーカロイド\289_ミクミクニシテアケルシテヤンヨ
F:\maimai\Maichart-Converts\ゲームバラエティ\120_テコホコタイソウ
F:\maimai\Maichart-Converts\ゲームバラエティ\11565_LETYOUDIVE_DX
F:\maimai\Maichart-Converts\東方Project\296_アケホシロケツト
F:\maimai\Maichart-Converts\maimai\11380_ハアフエクシヨン_DX
F:\maimai\Maichart-Converts\東方Project\483_カコイナキヨハイチコノツキカケ
F:\maimai\Maichart-Converts\niconicoボーカロイド\259_ホツヒツホオ
F:\maimai\Maichart-Converts\niconicoボーカロイド\711_ハイケイトツヘルケンカア
F:\maimai\Maichart-Converts\niconicoボーカロイド\687_キヨウカンカクオハケ
F:\maimai\Maichart-Converts\POPSアニメ\11259_SHINYSMILYSTORY_DX
F:\maimai\Maichart-Converts\オンゲキCHUNITHM\628_コウセンチユウニンク
F:\maimai\Maichart-Converts\niconicoボーカロイド\11666_アイテイスマイル_DX
F:\maimai\Maichart-Converts\niconicoボーカロイド\11708_カアニハルハツヒイ_DX
F:\maimai\Maichart-Converts\POPSアニメ\370_NARAKUWITHIN
F:\maimai\Maichart-Converts\東方Project\11205_DIVEINTOTHESKYINITIALIZED_DX
F:\maimai\Maichart-Converts\ゲームバラエティ\11331_スウハアシンメトリイ_DX
F:\maimai\Maichart-Converts\niconicoボーカロイド\11067_COCKTAIL_DX
F:\maimai\Maichart-Converts\niconicoボーカロイド\11510_キユウトナカノシヨ_DX
F:\maimai\Maichart-Converts\オンゲキCHUNITHM\11175_エンシヨウエンシヨウ_DX
F:\maimai\Maichart-Converts\東方Project\319_ケンソウノサテライト
F:\maimai\Maichart-Converts\ゲームバラエティ\11804_HOWTOMAKEオトケエキヨク_DX
F:\maimai\Maichart-Converts\maimai\571_OURWRENALLY
F:\maimai\Maichart-Converts\ゲームバラエティ\11596_VALLISTA_DX
F:\maimai\Maichart-Converts\niconicoボーカロイド\11694_キヨウフウオオルハツク_DX
F:\maimai\Maichart-Converts\niconicoボーカロイド\316_MSSPLANET
F:\maimai\Maichart-Converts\maimai\11019_SCARLETWINGS_DX
F:\maimai\Maichart-Converts\オンゲキCHUNITHM\11402_リヨウランオトメムソウケキ_DX
F:\maimai\Maichart-Converts\maimai\264_LEPILOGUE
F:\maimai\Maichart-Converts\maimai\11223_HEAVENLYBLAST_DX
F:\maimai\Maichart-Converts\ゲームバラエティ\11292_MEGATONKICK_DX
F:\maimai\Maichart-Converts\オンゲキCHUNITHM\11398_GOODBYEMERRYGOROUND_DX
F:\maimai\Maichart-Converts\ゲームバラエティ\207_シクウヲコエテヒサシフリ
F:\maimai\Maichart-Converts\宴会場\100227_GARAKUTADOLLPLAY
F:\maimai\Maichart-Converts\niconicoボーカロイド\11083_サヨナラチエエンソオ_DX
F:\maimai\Maichart-Converts\maimai\140_SPRINTRANCES
F:\maimai\Maichart-Converts\maimai\11226_トケイノクニノシエミニ_DX
F:\maimai\Maichart-Converts\niconicoボーカロイド\11047_シヤカアノオト_DX
F:\maimai\Maichart-Converts\maimai\11309_センエイテキラントスケエフ_DX
F:\maimai\Maichart-Converts\niconicoボーカロイド\11128_KILLERB_DX
F:\maimai\Maichart-Converts\POPSアニメ\11035_LOSER_DX
F:\maimai\Maichart-Converts\オンゲキCHUNITHM\770_アネヘツタン
F:\maimai\Maichart-Converts\niconicoボーカロイド\524_HANDINHAND
F:\maimai\Maichart-Converts\POPSアニメ\126_つけまつける
F:\maimai\Maichart-Converts\ゲームバラエティ\11567_IMHEREFEATMERRYKIRKHOLMES_DX
F:\maimai\Maichart-Converts\ゲームバラエティ\11216_FELYSFINALREMIX_DX
F:\maimai\Maichart-Converts\オンゲキCHUNITHM\11755_ミヤケツキヨウ_DX
F:\maimai\Maichart-Converts\宴会場\111069_タイヨウケイテスコ_DX
F:\maimai\Maichart-Converts\POPSアニメ\11560_アシユラチヤン_DX
F:\maimai\Maichart-Converts\maimai\11523_VIRTUS_DX
F:\maimai\Maichart-Converts\maimai\11383_IRRESISTIBLE_DX
F:\maimai\Maichart-Converts\maimai\11745_ヒヨウメツノ135シヨウセツ_DX
F:\maimai\Maichart-Converts\maimai\244_オテモYAN
F:\maimai\Maichart-Converts\POPSアニメ\500_シユカアソンクトヒタアステツフ
F:\maimai\Maichart-Converts\ゲームバラエティ\11587_HALFWAY_DX
F:\maimai\Maichart-Converts\niconicoボーカロイド\288_ロクチヨウネントイチヤモノカタリ
F:\maimai\Maichart-Converts\ゲームバラエティ\152_チヨウセツSUPERLATIVE
F:\maimai\Maichart-Converts\オンゲキCHUNITHM\719_エントマアクニキホウトナミタヲソエテ
F:\maimai\Maichart-Converts\ゲームバラエティ\837_ALTALE
F:\maimai\Maichart-Converts\ゲームバラエティ\482_PARTY4UHOLYNITEMIX
F:\maimai\Maichart-Converts\ゲームバラエティ\815_L4TS2018FEATアヒルアントケイタ
F:\maimai\Maichart-Converts\オンゲキCHUNITHM\11549_TRRRICKSTERS_DX
F:\maimai\Maichart-Converts\ゲームバラエティ\385_IGNISDANSE
F:\maimai\Maichart-Converts\東方Project\426_ソラニマエスミソメノサクラ
F:\maimai\Maichart-Converts\niconicoボーカロイド\11078_QUIETROOM_DX
F:\maimai\Maichart-Converts\maimai\11746_DIVIDEETIMPERA_DX
F:\maimai\Maichart-Converts\オンゲキCHUNITHM\11475_SUPERAMBULANCE_DX
F:\maimai\Maichart-Converts\maimai\11623_フタタヒ_DX
F:\maimai\Maichart-Converts\maimai\11103_カシヨウキンカノシンフオニエツタ_DX
F:\maimai\Maichart-Converts\maimai\530_コウキアツネコロツク
F:\maimai\Maichart-Converts\niconicoボーカロイド\122_コオコオユウレイセン
F:\maimai\Maichart-Converts\maimai\11747_シコク_DX
F:\maimai\Maichart-Converts\ゲームバラエティ\733_FISTBUMP
F:\maimai\Maichart-Converts\maimai\11454_TRICOLORCIRCUS_DX
F:\maimai\Maichart-Converts\オンゲキCHUNITHM\11668_PINQPIQXOVEVOXREMIX_DX
F:\maimai\Maichart-Converts\東方Project\11717_LOSTPHANTASIA_DX
F:\maimai\Maichart-Converts\ゲームバラエティ\11212_EMOMOMO_DX
F:\maimai\Maichart-Converts\niconicoボーカロイド\341_ニソクホコウ
F:\maimai\Maichart-Converts\ゲームバラエティ\11643_テンシコウリン_DX
F:\maimai\Maichart-Converts\maimai\564_ENJOYPOLIS
F:\maimai\Maichart-Converts\niconicoボーカロイド\188_アマノシヤク
F:\maimai\Maichart-Converts\東方Project\767_シンチヨクトウテスカ
F:\maimai\Maichart-Converts\ゲームバラエティ\388_キタサイタマ2000
F:\maimai\Maichart-Converts\niconicoボーカロイド\10188_アマノシヤク
F:\maimai\Maichart-Converts\maimai\11381_テエモンヘツト_DX
F:\maimai\Maichart-Converts\POPSアニメ\10475_カクシンテキメタマルフオウセ
F:\maimai\Maichart-Converts\POPSアニメ\10501_DAYDREAMCAFE
F:\maimai\Maichart-Converts\ゲームバラエティ\11290_ALIVE_DX
F:\maimai\Maichart-Converts\ゲームバラエティ\114_SPACEHARRIERMAINTHEMEREBORN
F:\maimai\Maichart-Converts\maimai\11468_ホシミソウ_DX
F:\maimai\Maichart-Converts\niconicoボーカロイド\11797_ハヘル_DX
F:\maimai\Maichart-Converts\ゲームバラエティ\11289_ヘエスラインヤツテルワラ_DX
F:\maimai\Maichart-Converts\maimai\378_PLANETDANCER
F:\maimai\Maichart-Converts\maimai\145_STARLIGHTDISCO
F:\maimai\Maichart-Converts\オンゲキCHUNITHM\627_シンシヨウシンキロウ
F:\maimai\Maichart-Converts\ゲームバラエティ\11648_ケツメンキチ_DX
F:\maimai\Maichart-Converts\maimai\144_AIRSGRAVITY
F:\maimai\Maichart-Converts\POPSアニメ\604_JUMPING!!
F:\maimai\Maichart-Converts\宴会場\100845_怒槌～光吉猛修一部謎～
F:\maimai\Maichart-Converts\オンゲキCHUNITHM\11312_ハクハクカアル_DX
F:\maimai\Maichart-Converts\maimai\11005_ハアチヤルタムネエシヨン_DX
F:\maimai\Maichart-Converts\ゲームバラエティ\11572_TAPESTOPNIGHT_DX
F:\maimai\Maichart-Converts\maimai\632_ULTRANOVA
F:\maimai\Maichart-Converts\maimai\11739_184オクカイノマルチトニツク_DX
F:\maimai\Maichart-Converts\niconicoボーカロイド\11562_ロウワア_DX
F:\maimai\Maichart-Converts\東方Project\320_サイソクサイコウシヤツタアカアル
F:\maimai\Maichart-Converts\東方Project\11437_サンヨウセイSAYYA_DX
F:\maimai\Maichart-Converts\ゲームバラエティ\208_HERDREAMISTOBEAFANTASTICSORCERESS
F:\maimai\Maichart-Converts\niconicoボーカロイド\11194_ヘノム_DX
F:\maimai\Maichart-Converts\niconicoボーカロイド\440_ハシメマシテチキユウシンサン
F:\maimai\Maichart-Converts\niconicoボーカロイド\522_MRWONDERLAND
F:\maimai\Maichart-Converts\niconicoボーカロイド\10288_ロクチヨウネントイチヤモノカタリ_DX
F:\maimai\Maichart-Converts\東方Project\538_ヒレフセクミントモ
F:\maimai\Maichart-Converts\maimai\10574_SELECTOR
F:\maimai\Maichart-Converts\宴会場\110579_ホツフミユウシツクハホクノモノ_DX
F:\maimai\Maichart-Converts\POPSアニメ\11653_ULTRAPOWER_DX
F:\maimai\Maichart-Converts\maimai\11305_ALCYONE_DX
F:\maimai\Maichart-Converts\ゲームバラエティ\11664_アルカンシエル_DX
F:\maimai\Maichart-Converts\POPSアニメ\11498_モンタイナイトリツハア_DX
F:\maimai\Maichart-Converts\ゲームバラエティ\11282_モヘモヘ_DX
F:\maimai\Maichart-Converts\niconicoボーカロイド\408_クロウハアクラフ
F:\maimai\Maichart-Converts\maimai\10366_OBORO
F:\maimai\Maichart-Converts\niconicoボーカロイド\11727_ラウイ_DX
F:\maimai\Maichart-Converts\maimai\835_BELIEVETHERAINBOW
F:\maimai\Maichart-Converts\オンゲキCHUNITHM\11109_タテマエトホンシンノタイラントウ_DX
F:\maimai\Maichart-Converts\POPSアニメ\544_ゆりゆららららゆるゆり大事件
F:\maimai\Maichart-Converts\POPSアニメ\11832_キユヒヒヒヒスム_DX
F:\maimai\Maichart-Converts\オンゲキCHUNITHM\11479_HAINUWELE_DX
F:\maimai\Maichart-Converts\POPSアニメ\503_イチスレシヒ
F:\maimai\Maichart-Converts\ゲームバラエティ\330_キスナノモノカタリ
F:\maimai\Maichart-Converts\東方Project\10665_チルノノハアフエクトサンスウキヨウシツキユウシユウネンハアシヨン
F:\maimai\Maichart-Converts\maimai\11457_MYSTIQUEASIRIS_DX
F:\maimai\Maichart-Converts\maimai\138_LIONHEART
F:\maimai\Maichart-Converts\POPSアニメ\27_LOVEORLIES
F:\maimai\Maichart-Converts\maimai\10574_SELECTOR_DX
F:\maimai\Maichart-Converts\niconicoボーカロイド\682_シンセイリセツトホタン
F:\maimai\Maichart-Converts\maimai\11546_チキユウ_DX
F:\maimai\Maichart-Converts\宴会場\110121_スイイトマシツク_DX
F:\maimai\Maichart-Converts\POPSアニメ\486_セイシュンハNONSTOP
F:\maimai\Maichart-Converts\maimai\11459_YOUMEANTHEWORLDTOME_DX
F:\maimai\Maichart-Converts\niconicoボーカロイド\11265_ALICEINREITOKO_DX
F:\maimai\Maichart-Converts\POPSアニメ\55_CAN'T GET BACK
F:\maimai\Maichart-Converts\東方Project\11488_スカアレツトケイサツノケツトオハトロオル24シ_DX
F:\maimai\Maichart-Converts\niconicoボーカロイド\709_アウタアサイセンス
F:\maimai\Maichart-Converts\ゲームバラエティ\11640_WITHU_DX
F:\maimai\Maichart-Converts\maimai\11544_VERTEXRINTAROSOMADECONSTRUCTEDREMIX_DX
F:\maimai\Maichart-Converts\POPSアニメ\636_ニホンノコメハセカイイチ
F:\maimai\Maichart-Converts\ゲームバラエティ\689_CREDITS
F:\maimai\Maichart-Converts\maimai\11669_エスオウエス_DX
F:\maimai\Maichart-Converts\POPSアニメ\10501_DAYDREAMCAFE_DX
F:\maimai\Maichart-Converts\ゲームバラエティ\10625_MAXI_DX
F:\maimai\Maichart-Converts\niconicoボーカロイド\11651_アナタハセカイノオワリニスンタヲタヘルノタ_DX
F:\maimai\Maichart-Converts\POPSアニメ\11144_ロクリンカ_DX
F:\maimai\Maichart-Converts\maimai\643_EXCALIBURREVIVEDRESOLUTION
F:\maimai\Maichart-Converts\maimai\241_COSMICTRAIN
F:\maimai\Maichart-Converts\maimai\252_ミンナノマイマイマア
F:\maimai\Maichart-Converts\maimai\11364_LIAFAIL_DX
F:\maimai\Maichart-Converts\maimai\11685_REXLUNATICA_DX
F:\maimai\Maichart-Converts\maimai\11528_COMETPANTOMEN_DX
F:\maimai\Maichart-Converts\POPSアニメ\904_とてもゆえんいあい
F:\maimai\Maichart-Converts\ゲームバラエティ\11707_OUROBOROSTWINSTROKEOFTHEEND_DX
F:\maimai\Maichart-Converts\オンゲキCHUNITHM\11688_マツスクストリイム_DX
F:\maimai\Maichart-Converts\ゲームバラエティ\11427_DEFINE_DX
F:\maimai\Maichart-Converts\POPSアニメ\17_FUTURE
F:\maimai\Maichart-Converts\niconicoボーカロイド\11269_ラツトカシンタニユウワアス_DX
F:\maimai\Maichart-Converts\niconicoボーカロイド\11767_テヒルシヤナイモン_DX
F:\maimai\Maichart-Converts\niconicoボーカロイド\11780_エンケキ_DX
F:\maimai\Maichart-Converts\POPSアニメ\11348_VOLTAGE_DX
F:\maimai\Maichart-Converts\maimai\11752_ウロソウセツ_DX
F:\maimai\Maichart-Converts\POPSアニメ\11038_シンタカラシマ_DX
F:\maimai\Maichart-Converts\ゲームバラエティ\128_ミハタノモトニ
F:\maimai\Maichart-Converts\POPSアニメ\10615_PARADISUSPARADOXUM
F:\maimai\Maichart-Converts\niconicoボーカロイド\412_イノコリセンセイ
F:\maimai\Maichart-Converts\maimai\11168_シアトリカルケエス_DX
F:\maimai\Maichart-Converts\ゲームバラエティ\11516_AEGLESEEKER_DX
F:\maimai\Maichart-Converts\宴会場\121634_セイシユンコンフレツクス
F:\maimai\Maichart-Converts\POPSアニメ\11358_イントアケイナラトラツクメイカア_DX
F:\maimai\Maichart-Converts\maimai\11159_BEAUTIFULFUTURE_DX
F:\maimai\Maichart-Converts\POPSアニメ\148_サブリナ
F:\maimai\Maichart-Converts\maimai\11455_INFINITY_DX
F:\maimai\Maichart-Converts\niconicoボーカロイド\353_SHAKEIT
F:\maimai\Maichart-Converts\POPSアニメ\172_女々しくて
F:\maimai\Maichart-Converts\ゲームバラエティ\848_マホウシヨウシヨニナルシカネエ
F:\maimai\Maichart-Converts\オンゲキCHUNITHM\694_ネコマツリ
F:\maimai\Maichart-Converts\オンゲキCHUNITHM\735_SESSIONHIGH
F:\maimai\Maichart-Converts\東方Project\11202_モノスコイウアイフステマリサカモノスコイラツフ_DX
F:\maimai\Maichart-Converts\niconicoボーカロイド\11046_アテイシヨナルメモリイ_DX
F:\maimai\Maichart-Converts\ゲームバラエティ\308_BACK2BACK
F:\maimai\Maichart-Converts\ゲームバラエティ\11786_EMPIREOFWINTER_DX
F:\maimai\Maichart-Converts\ゲームバラエティ\11206_BATTLENO1_DX
F:\maimai\Maichart-Converts\maimai\589_PANOPTICON
F:\maimai\Maichart-Converts\宴会場\100339_DRAGONLADY
F:\maimai\Maichart-Converts\niconicoボーカロイド\791_ロオルフレインクケエム
F:\maimai\Maichart-Converts\POPSアニメ\600_SUSHI食べたいFEAT.ソイソース
F:\maimai\Maichart-Converts\ゲームバラエティ\11210_CSQN_DX
F:\maimai\Maichart-Converts\ゲームバラエティ\153_サイハイノトキPOWEROFORDER
F:\maimai\Maichart-Converts\maimai\11304_ROUNDROUNDSPINNINGAROUND_DX
F:\maimai\Maichart-Converts\maimai\11672_QUIQ_DX
F:\maimai\Maichart-Converts\maimai\11234_ホシソラスヘクタクル_DX
F:\maimai\Maichart-Converts\maimai\494_CITRUSMONSTER
F:\maimai\Maichart-Converts\maimai\1235_VIIIBITEXPLORER
F:\maimai\Maichart-Converts\ゲームバラエティ\157_NATURALFLOW
F:\maimai\Maichart-Converts\宴会場\100422_LANCE
F:\maimai\Maichart-Converts\niconicoボーカロイド\655_フラシイル
F:\maimai\Maichart-Converts\maimai\10070_シンクルヘル
F:\maimai\Maichart-Converts\ゲームバラエティ\11632_PLAYMERRILYNEO_DX
F:\maimai\Maichart-Converts\niconicoボーカロイド\10188_アマノシヤク_DX
F:\maimai\Maichart-Converts\maimai\10363_OSHAMASCRAMBLE_DX
F:\maimai\Maichart-Converts\niconicoボーカロイド\11735_サムサ_DX
F:\maimai\Maichart-Converts\niconicoボーカロイド\11087_キホウノツキ_DX
F:\maimai\Maichart-Converts\POPSアニメ\11367_VEIL_DX
F:\maimai\Maichart-Converts\maimai\532_センノウ
F:\maimai\Maichart-Converts\maimai\11386_SWIFTSWING_DX
F:\maimai\Maichart-Converts\maimai\825_ライキリ
F:\maimai\Maichart-Converts\maimai\231_HEARTBEATS1
F:\maimai\Maichart-Converts\POPSアニメ\10_LOVE ＆ JOY
F:\maimai\Maichart-Converts\maimai\240_BEATOFGETTINGENTANGLED
F:\maimai\Maichart-Converts\ゲームバラエティ\11208_CYAEGHA_DX
F:\maimai\Maichart-Converts\東方Project\466_JIMANGSHOT
F:\maimai\Maichart-Converts\宴会場\100305_POP STAR
F:\maimai\Maichart-Converts\maimai\11663_ツナキテ_DX
F:\maimai\Maichart-Converts\宴会場\111516_AEGLESEEKER_DX
F:\maimai\Maichart-Converts\オンゲキCHUNITHM\786_MYFIRSTPHONE
F:\maimai\Maichart-Converts\宴会場\111437_サンヨウセイSAYYA_DX
F:\maimai\Maichart-Converts\宴会場\111325_テレキヤスタアヒイホオイ_DX
F:\maimai\Maichart-Converts\ゲームバラエティ\11051_DESTR0YER_DX
F:\maimai\Maichart-Converts\niconicoボーカロイド\11130_アスヘノフレイフ_DX
F:\maimai\Maichart-Converts\POPSアニメ\11483_オト_DX
F:\maimai\Maichart-Converts\niconicoボーカロイド\11796_ウルトラトレエラア_DX
F:\maimai\Maichart-Converts\オンゲキCHUNITHM\11313_NOLIMITREDFORCE_DX
F:\maimai\Maichart-Converts\niconicoボーカロイド\677_スタアナイトスノウ
F:\maimai\Maichart-Converts\niconicoボーカロイド\401_セキシンセイカマトトアラリヨウシ
F:\maimai\Maichart-Converts\ゲームバラエティ\797_SCARLETLANCE
F:\maimai\Maichart-Converts\POPSアニメ\423_SAVIOROFSONG
F:\maimai\Maichart-Converts\maimai\351_MIRROROFMAGIC
F:\maimai\Maichart-Converts\maimai\11298_トリアアシ_DX
F:\maimai\Maichart-Converts\maimai\11680_SHININGRAYホクラノキスナ_DX
F:\maimai\Maichart-Converts\宴会場\140227_GARAKUTADOLLPLAY
F:\maimai\Maichart-Converts\東方Project\582_ユウヤミニメサメシハ
F:\maimai\Maichart-Converts\POPSアニメ\11114_アオソラノラフソテイ_DX
F:\maimai\Maichart-Converts\maimai\379_CALIBUNESTORYOFTHELEGENDARYSWORD
F:\maimai\Maichart-Converts\ゲームバラエティ\471_オモイヨシノ
F:\maimai\Maichart-Converts\宴会場\111388_チユウリンクノアト_DX
F:\maimai\Maichart-Converts\東方Project\11413_ARMAGEDDON_DX
F:\maimai\Maichart-Converts\niconicoボーカロイド\832_イノチハツカリ
F:\maimai\Maichart-Converts\オンゲキCHUNITHM\11690_BAQEELA_DX
F:\maimai\Maichart-Converts\maimai\11616_MYFLOW_DX
F:\maimai\Maichart-Converts\オンゲキCHUNITHM\11294_シユクセイシンハン_DX
F:\maimai\Maichart-Converts\ゲームバラエティ\593_CONFLICT
F:\maimai\Maichart-Converts\ゲームバラエティ\23_CRUSHONYOU
F:\maimai\Maichart-Converts\niconicoボーカロイド\11655_ツキハキスタツカアト_DX
F:\maimai\Maichart-Converts\東方Project\11656_HANIPAGANDA_DX
F:\maimai\Maichart-Converts\POPSアニメ\11791_ONYOURMARK104キVER_DX
F:\maimai\Maichart-Converts\maimai\799_QZKAGOREQUIEM
F:\maimai\Maichart-Converts\宴会場\100516_ココロ
F:\maimai\Maichart-Converts\maimai\11018_NOWORNEVER_DX
F:\maimai\Maichart-Converts\POPSアニメ\127_Get Off of My Way
F:\maimai\Maichart-Converts\宴会場\100700_シツソウアンサンフル
F:\maimai\Maichart-Converts\POPSアニメ\59_PON PON PON
F:\maimai\Maichart-Converts\オンゲキCHUNITHM\11553_LASTKINGDOM_DX
F:\maimai\Maichart-Converts\niconicoボーカロイド\11272_ヤクソク_DX
F:\maimai\Maichart-Converts\niconicoボーカロイド\691_アルカリレツトウセイ
F:\maimai\Maichart-Converts\POPSアニメ\469_ヒミツヲチョータイ
F:\maimai\Maichart-Converts\東方Project\439_サイシユウキチクイモウトイチフコエ
F:\maimai\Maichart-Converts\niconicoボーカロイド\763_ハヤクソレニナリタイ
F:\maimai\Maichart-Converts\maimai\11003_テラツクマイマイテンテコマイ_DX
F:\maimai\Maichart-Converts\オンゲキCHUNITHM\11449_ハスルリホン_DX
F:\maimai\Maichart-Converts\POPSアニメ\474_ヒミツノトヒラカラアイニキテ
F:\maimai\Maichart-Converts\オンゲキCHUNITHM\648_MYDEARESTSONG
F:\maimai\Maichart-Converts\maimai\673_サキホコレトコヨノハナ
F:\maimai\Maichart-Converts\maimai\462_7THSENSE
F:\maimai\Maichart-Converts\maimai\11681_DEVOTION_DX
F:\maimai\Maichart-Converts\maimai\431_CONTRAPASSOPARADISO
F:\maimai\Maichart-Converts\POPSアニメ\10615_PARADISUSPARADOXUM_DX
F:\maimai\Maichart-Converts\ゲームバラエティ\11505_レツツミラクルハアトコアツ_DX
F:\maimai\Maichart-Converts\niconicoボーカロイド\11763_タアリンタンス_DX
F:\maimai\Maichart-Converts\POPSアニメ\10728_POPTEAMEPIC_DX
F:\maimai\Maichart-Converts\maimai\11611_PARTYPEOPLEPRINCESS_DX
F:\maimai\Maichart-Converts\東方Project\318_トウホウスイイツ
F:\maimai\Maichart-Converts\宴会場\110417_ウミユリカイテイタン_DX
F:\maimai\Maichart-Converts\ゲームバラエティ\11642_DANGEROOOOUSJUNGLE_DX
F:\maimai\Maichart-Converts\maimai\11228_ホシメクリハテノキミヘ_DX
F:\maimai\Maichart-Converts\東方Project\11135_センリヨクハツヒイライフ_DX
F:\maimai\Maichart-Converts\東方Project\206_シユワスハタイサクセン
F:\maimai\Maichart-Converts\ゲームバラエティ\10734_ENERGYSYNERGYMATRIX
F:\maimai\Maichart-Converts\ゲームバラエティ\389_FLOWER
F:\maimai\Maichart-Converts\宴会場\121634_セイシユンコンフレツクス_DX
F:\maimai\Maichart-Converts\niconicoボーカロイド\11354_シユンラン_DX
F:\maimai\Maichart-Converts\maimai\11612_LATENTKINGDOM_DX
F:\maimai\Maichart-Converts\maimai\617_オトヒメモリイウタケイシヨン
F:\maimai\Maichart-Converts\ゲームバラエティ\335_The world is all one !!
F:\maimai\Maichart-Converts\POPSアニメ\904_远得要命的爱情
F:\maimai\Maichart-Converts\niconicoボーカロイド\11061_アマツキツネ_DX
F:\maimai\Maichart-Converts\maimai\247_DANZAZANDA
F:\maimai\Maichart-Converts\niconicoボーカロイド\523_シンテシマウトハナサケナイ
F:\maimai\Maichart-Converts\niconicoボーカロイド\65_ZIGGZAGG
F:\maimai\Maichart-Converts\maimai\10070_シンクルヘル_DX
F:\maimai\Maichart-Converts\ゲームバラエティ\772_FREEDOMDIVETPZOVERCUTEREMIX
F:\maimai\Maichart-Converts\ゲームバラエティ\343_テンシヤテテンシヤテGOGOGOGCGMTREMIX
F:\maimai\Maichart-Converts\maimai\574_SELECTOR
F:\maimai\Maichart-Converts\東方Project\11777_ニンケンカタイスキナコワレタヨウカイノウタ_DX
F:\maimai\Maichart-Converts\POPSアニメ\11113_ハムタロウトツトコウタ_DX
F:\maimai\Maichart-Converts\オンゲキCHUNITHM\11478_テンコウセツカ_DX
F:\maimai\Maichart-Converts\niconicoボーカロイド\125_センホンサクラ
F:\maimai\Maichart-Converts\maimai\559_カライハリヒヘイヒア
F:\maimai\Maichart-Converts\ゲームバラエティ\11149_MABOROSHI_DX
F:\maimai\Maichart-Converts\niconicoボーカロイド\11802_ワアルトワイトワンタア_DX
F:\maimai\Maichart-Converts\宴会場\100548_DETARAMEROCKROLLTHEORY_DX
F:\maimai\Maichart-Converts\niconicoボーカロイド\11699_シンシンルイ_DX
F:\maimai\Maichart-Converts\maimai\11092_MYMYMY_DX
F:\maimai\Maichart-Converts\maimai\529_CONNECTINGWITHYOU
F:\maimai\Maichart-Converts\maimai\833_THEEMPERROR
F:\maimai\Maichart-Converts\niconicoボーカロイド\269_ウラオモテラハアス
F:\maimai\Maichart-Converts\niconicoボーカロイド\11327_ホクハクウキカヨメナイ_DX
F:\maimai\Maichart-Converts\niconicoボーカロイド\407_LOLLOTSOFLAUGH
F:\maimai\Maichart-Converts\maimai\136_STREAK
F:\maimai\Maichart-Converts\東方Project\11496_DESTINYRUNNER_DX
F:\maimai\Maichart-Converts\niconicoボーカロイド\11761_ヤミアカステロイト_DX
F:\maimai\Maichart-Converts\ゲームバラエティ\253_エンフキヨクキミニ
F:\maimai\Maichart-Converts\ゲームバラエティ\79_SHOWTIME
F:\maimai\Maichart-Converts\宴会場\100018_LOVEYOU_DX
F:\maimai\Maichart-Converts\オンゲキCHUNITHM\455_COUNSELOR
F:\maimai\Maichart-Converts\maimai\11232_NEVERGIVEUP_DX
F:\maimai\Maichart-Converts\maimai\661_CALLHEAVEN
F:\maimai\Maichart-Converts\maimai\11097_フレインシヤツクシントロオム_DX
F:\maimai\Maichart-Converts\東方Project\413_キヤフテンムラサノケツアンカア
F:\maimai\Maichart-Converts\maimai\11389_SAGE_DX
F:\maimai\Maichart-Converts\ゲームバラエティ\11335_MOBILYS_DX
F:\maimai\Maichart-Converts\宴会場\111359_アカツキアライウアル_DX
F:\maimai\Maichart-Converts\niconicoボーカロイド\10256_イイアルフアンクラフ_DX
F:\maimai\Maichart-Converts\niconicoボーカロイド\419_ストリイミンクハアト
F:\maimai\Maichart-Converts\宴会場\100327_タカハセメイシンマン_DX
F:\maimai\Maichart-Converts\東方Project\10699_テンクノオトシモノフミフイイトユトリ_DX
F:\maimai\Maichart-Converts\niconicoボーカロイド\11638_セカイチヤントカフチヤンノオツカイカツソウキヨク_DX
F:\maimai\Maichart-Converts\maimai\11614_CRYCRYCRY_DX
F:\maimai\Maichart-Converts\東方Project\311_シアワセウサキ
F:\maimai\Maichart-Converts\ゲームバラエティ\11489_タナカ_DX
F:\maimai\Maichart-Converts\niconicoボーカロイド\11270_アウンノヒイツ_DX
F:\maimai\Maichart-Converts\maimai\11105_ワアトワアトワアト_DX
F:\maimai\Maichart-Converts\maimai\11461_クルツタミンソク2PRAVARGYAZOOQA_DX
F:\maimai\Maichart-Converts\niconicoボーカロイド\11486_ウイラン_DX
F:\maimai\Maichart-Converts\POPSアニメ\504_フレントシタイ
F:\maimai\Maichart-Converts\ゲームバラエティ\267_IGNITEINFINITY
F:\maimai\Maichart-Converts\オンゲキCHUNITHM\527_ハアトヒイト
F:\maimai\Maichart-Converts\niconicoボーカロイド\67_ハンタヒイロオ
F:\maimai\Maichart-Converts\POPSアニメ\11057_THEGONGOFKNOCKOUT_DX
F:\maimai\Maichart-Converts\POPSアニメ\166_カルマ
F:\maimai\Maichart-Converts\宴会場\111156_マイオトレマイマイタイム_DX
F:\maimai\Maichart-Converts\東方Project\11495_キンノメクリ_DX
F:\maimai\Maichart-Converts\niconicoボーカロイド\11592_ハナトナレ_DX
F:\maimai\Maichart-Converts\maimai\11684_RONDEAUXOFRAGNAROQ_DX
F:\maimai\Maichart-Converts\maimai\745_KEEPHOPPING
F:\maimai\Maichart-Converts\宴会場\100851_犬日和。(はっぴー歌唱Ver)
F:\maimai\Maichart-Converts\東方Project\11340_SWEETSTIME_DX
F:\maimai\Maichart-Converts\ゲームバラエティ\337_コトウ
F:\maimai\Maichart-Converts\宴会場\100326_コトバ・カラフル
F:\maimai\Maichart-Converts\東方Project\701_DOLLJUDGMENT
F:\maimai\Maichart-Converts\maimai\11020_TECHNICIANSHIGH_DX
F:\maimai\Maichart-Converts\ゲームバラエティ\11657_RUSHHOUR_DX
F:\maimai\Maichart-Converts\ゲームバラエティ\11425_FIRSTDANCE_DX
F:\maimai\Maichart-Converts\maimai\238_GETHAPPY
F:\maimai\Maichart-Converts\maimai\11017_フクヤトルオトヤタマオンセン_DX
F:\maimai\Maichart-Converts\niconicoボーカロイド\807_フキケンワルツ
F:\maimai\Maichart-Converts\niconicoボーカロイド\11122_アントロイトカアル_DX
F:\maimai\Maichart-Converts\ゲームバラエティ\453_GARDENOFTHEDRAGON
F:\maimai\Maichart-Converts\niconicoボーカロイド\11658_QUEEN_DX
F:\maimai\Maichart-Converts\ゲームバラエティ\386_SCARSOFFAUNA
F:\maimai\Maichart-Converts\東方Project\10702_WARNINGWARNINGWARNING_DX
F:\maimai\Maichart-Converts\niconicoボーカロイド\11728_ステイイルユウ_DX
F:\maimai\Maichart-Converts\POPSアニメ\356_3フンノ1ノシユンシヨウナカンシシヨウ
F:\maimai\Maichart-Converts\niconicoボーカロイド\750_ハツネミクノケキシヨウ
F:\maimai\Maichart-Converts\東方Project\200_BADAPPLEFEATNOMICO
F:\maimai\Maichart-Converts\niconicoボーカロイド\10185_ハロオフラネツト
F:\maimai\Maichart-Converts\maimai\11227_XENOVCIPHER_DX
F:\maimai\Maichart-Converts\niconicoボーカロイド\519_ユツクリシテイツテネ
F:\maimai\Maichart-Converts\maimai\737_FESTIVALIGHT
F:\maimai\Maichart-Converts\東方Project\759_サトマミホリツク
F:\maimai\Maichart-Converts\maimai\237_PIXELVOYAGE
F:\maimai\Maichart-Converts\niconicoボーカロイド\11344_ホツヒンキヤンテイフイイハア_DX
F:\maimai\Maichart-Converts\POPSアニメ\11734_ヒトシスク_DX
F:\maimai\Maichart-Converts\niconicoボーカロイド\670_トオナツホオル
F:\maimai\Maichart-Converts\ゲームバラエティ\11566_KNIGHTRIDER_DX
F:\maimai\Maichart-Converts\POPSアニメ\11433_ヒトカタ_DX
F:\maimai\Maichart-Converts\東方Project\202_GRIPANDBREAKDOWN
F:\maimai\Maichart-Converts\POPSアニメ\11644_STORY_DX
F:\maimai\Maichart-Converts\オンゲキCHUNITHM\11110_ハチミツアトヘンチヤア_DX
F:\maimai\Maichart-Converts\POPSアニメ\49_アイデンティティ
F:\maimai\Maichart-Converts\niconicoボーカロイド\11034_METEOR_DX
F:\maimai\Maichart-Converts\ゲームバラエティ\80_CITYESCAPEACT1
F:\maimai\Maichart-Converts\東方Project\11137_WITCHESNIGHT_DX
F:\maimai\Maichart-Converts\maimai\464_REVIVETHERAVE
F:\maimai\Maichart-Converts\maimai\11152_ホクタチイツテモシユワツシユワ_DX
F:\maimai\Maichart-Converts\maimai\11106_VALSQOTCH_DX
F:\maimai\Maichart-Converts\POPSアニメ\10181_キミノシラナイモノカタリ
F:\maimai\Maichart-Converts\POPSアニメ\11118_イツカイイカンシニアレシヨウ_DX
F:\maimai\Maichart-Converts\maimai\135_FEELMYFIRE
F:\maimai\Maichart-Converts\東方Project\756_CYBERSPARKS
F:\maimai\Maichart-Converts\niconicoボーカロイド\11070_タカラハンヲヤイタンタ_DX
F:\maimai\Maichart-Converts\宴会場\100327_タカハセメイシンマン
F:\maimai\Maichart-Converts\POPSアニメ\164_READY STEADY GO
F:\maimai\Maichart-Converts\オンゲキCHUNITHM\695_TRUST
F:\maimai\Maichart-Converts\maimai\458_リハアフ
F:\maimai\Maichart-Converts\ゲームバラエティ\10593_CONFLICT_DX
F:\maimai\Maichart-Converts\niconicoボーカロイド\11715_ライアアタンサア_DX
F:\maimai\Maichart-Converts\オンゲキCHUNITHM\11758_RADIANCE_DX
F:\maimai\Maichart-Converts\niconicoボーカロイド\194_ホウカコストライト
F:\maimai\Maichart-Converts\niconicoボーカロイド\11185_イノチニキラワレテイル_DX
F:\maimai\Maichart-Converts\niconicoボーカロイド\683_シネハイイノニ
F:\maimai\Maichart-Converts\東方Project\839_ネクロフアンタシアARRDEMETORI
F:\maimai\Maichart-Converts\niconicoボーカロイド\10193_セツナトリツフ
F:\maimai\Maichart-Converts\POPSアニメ\11775_モンスタアカミンク_DX
F:\maimai\Maichart-Converts\ゲームバラエティ\11209_GRIEVOUSLADY_DX
F:\maimai\Maichart-Converts\ゲームバラエティ\11790_HYP3RTRIBE_DX
F:\maimai\Maichart-Converts\maimai\11453_RAINBOWRUSHSTORY_DX
F:\maimai\Maichart-Converts\ゲームバラエティ\11576_CTHUGHA_DX
F:\maimai\Maichart-Converts\maimai\10235_カエンシコク
F:\maimai\Maichart-Converts\ゲームバラエティ\11415_DREADNOUGHT_DX
F:\maimai\Maichart-Converts\POPSアニメ\11180_クレンケ_DX
F:\maimai\Maichart-Converts\POPSアニメ\468_ラフリイエンシエル
F:\maimai\Maichart-Converts\POPSアニメ\669_アエイウエオアオ
F:\maimai\Maichart-Converts\maimai\11006_PQOQ_DX
F:\maimai\Maichart-Converts\POPSアニメ\10021_コネクト
F:\maimai\Maichart-Converts\POPSアニメ\406_オルフェ
F:\maimai\Maichart-Converts\maimai\226_BLEWMOON
F:\maimai\Maichart-Converts\maimai\11102_フウエンノ135ヒヨウ_DX
F:\maimai\Maichart-Converts\POPSアニメ\473_ケラケラホーノウタ
F:\maimai\Maichart-Converts\ゲームバラエティ\11330_タケ_DX
F:\maimai\Maichart-Converts\maimai\11238_AMABIE_DX
F:\maimai\Maichart-Converts\maimai\561_イツシソウテンマイマイシンケン
F:\maimai\Maichart-Converts\niconicoボーカロイド\762_コノヒアノテオマエヲ8759632145カイフンナクル
F:\maimai\Maichart-Converts\宴会場\100199_チルノノハアフエクトサンスウキヨウシツ_DX
F:\maimai\Maichart-Converts\東方Project\611_シユクタイカオワラナイ
F:\maimai\Maichart-Converts\オンゲキCHUNITHM\11756_RESOLUTION_DX
F:\maimai\Maichart-Converts\ゲームバラエティ\11578_PUPA_DX
F:\maimai\Maichart-Converts\オンゲキCHUNITHM\459_イクシオン
F:\maimai\Maichart-Converts\オンゲキCHUNITHM\722_TICTACDREAMIN
F:\maimai\Maichart-Converts\niconicoボーカロイド\10315_シンカイシヨウシヨ_DX
F:\maimai\Maichart-Converts\ゲームバラエティ\11573_FINALSTEP_DX
F:\maimai\Maichart-Converts\POPSアニメ\11484_サンキヨウサンカ_DX
F:\maimai\Maichart-Converts\maimai\11311_ムクロシユノハカモリ_DX
F:\maimai\Maichart-Converts\niconicoボーカロイド\637_ナイセンノウタ
F:\maimai\Maichart-Converts\東方Project\11363_カミカミカコイシタケンソウキヨウ_DX
F:\maimai\Maichart-Converts\POPSアニメ\717_ラフツテシユエリウエンシエルフレイク
F:\maimai\Maichart-Converts\POPSアニメ\11636_サクユイタイソウ_DX
F:\maimai\Maichart-Converts\POPSアニメ\11178_ノオホイツ_DX
F:\maimai\Maichart-Converts\niconicoボーカロイド\11187_オトメカイホウ_DX
F:\maimai\Maichart-Converts\オンゲキCHUNITHM\11031_タチカワシヨウエトリモノチヨウ_DX
F:\maimai\Maichart-Converts\ゲームバラエティ\11574_THE90SDECISION_DX
F:\maimai\Maichart-Converts\ゲームバラエティ\11141_ENERGYTRIXXX_DX
F:\maimai\Maichart-Converts\オンゲキCHUNITHM\11554_LAMIA_DX
F:\maimai\Maichart-Converts\オンゲキCHUNITHM\11686_AZUREVIXEN_DX
F:\maimai\Maichart-Converts\niconicoボーカロイド\11043_メルト_DX
F:\maimai\Maichart-Converts\ゲームバラエティ\10734_ENERGYSYNERGYMATRIX_DX
F:\maimai\Maichart-Converts\niconicoボーカロイド\380_トウシテコウナツタ
F:\maimai\Maichart-Converts\東方Project\313_マチヒトハコス
F:\maimai\Maichart-Converts\maimai\11158_KOMPLEXE_DX
F:\maimai\Maichart-Converts\POPSアニメ\615_PARADISUSPARADOXUM
F:\maimai\Maichart-Converts\niconicoボーカロイド\10288_ロクチヨウネントイチヤモノカタリ
F:\maimai\Maichart-Converts\niconicoボーカロイド\106_BADENDNIGHT
F:\maimai\Maichart-Converts\POPSアニメ\550_PERFECTHUMAN
F:\maimai\Maichart-Converts\オンゲキCHUNITHM\11474_MAGNETARGIRL_DX
F:\maimai\Maichart-Converts\オンゲキCHUNITHM\823_ソウシヤハタタセナカトハイオリンテカタルノミ
F:\maimai\Maichart-Converts\maimai\11620_フエイクフエイスフエイルセイフ_DX
F:\maimai\Maichart-Converts\maimai\705_MAREMARIS
F:\maimai\Maichart-Converts\POPSアニメ\481_テンテンハッション
F:\maimai\Maichart-Converts\東方Project\665_チルノノハアフエクトサンスウキヨウシツキユウシユウネンハアシヨン
F:\maimai\Maichart-Converts\東方Project\10536_ツキニムラクモハナニカセ
F:\maimai\Maichart-Converts\東方Project\360_モノスコイイキオイテケエネカモノスコイウタ
F:\maimai\Maichart-Converts\niconicoボーカロイド\146_39
F:\maimai\Maichart-Converts\ゲームバラエティ\828_アリサノテエマ
F:\maimai\Maichart-Converts\東方Project\819_WHITETRAVERINGGIRL
F:\maimai\Maichart-Converts\maimai\11610_HOROSCOPEEXPRESS_DX
F:\maimai\Maichart-Converts\POPSアニメ\11561_オトセサンタア_DX
F:\maimai\Maichart-Converts\niconicoボーカロイド\121_スイイトマシツク
F:\maimai\Maichart-Converts\niconicoボーカロイド\417_ウミユリカイテイタン
F:\maimai\Maichart-Converts\オンゲキCHUNITHM\11107_サイキヨウササマアタイム_DX
F:\maimai\Maichart-Converts\ゲームバラエティ\376_L9
F:\maimai\Maichart-Converts\オンゲキCHUNITHM\548_DETARAMEROCKROLLTHEORY
F:\maimai\Maichart-Converts\niconicoボーカロイド\11060_ホシクスユウトヒア_DX
F:\maimai\Maichart-Converts\オンゲキCHUNITHM\11174_DESPERADOWALTZ_DX
F:\maimai\Maichart-Converts\ゲームバラエティ\265_SAVETHISWORLDNUMIX
F:\maimai\Maichart-Converts\niconicoボーカロイド\11512_キユウクラリン_DX
F:\maimai\Maichart-Converts\ゲームバラエティ\555_GOODMEN
F:\maimai\Maichart-Converts\niconicoボーカロイド\11637_ハク_DX
F:\maimai\Maichart-Converts\maimai\11296_トヒタセトウウサコスミツク_DX
F:\maimai\Maichart-Converts\niconicoボーカロイド\11258_テンワカクメイナイセン_DX
F:\maimai\Maichart-Converts\POPSアニメ\397_CANDO
F:\maimai\Maichart-Converts\niconicoボーカロイド\676_スキユキマシマシツク
F:\maimai\Maichart-Converts\東方Project\11603_ツルヘツタン_DX
F:\maimai\Maichart-Converts\東方Project\11136_OATHACT_DX
F:\maimai\Maichart-Converts\maimai\11385_N3V3RG3TOV3R_DX
F:\maimai\Maichart-Converts\maimai\533_BARBEDEYE
F:\maimai\Maichart-Converts\maimai\11547_CHURROSPARLOR_DX
F:\maimai\Maichart-Converts\maimai\11153_BOYSOCLOCK_DX
F:\maimai\Maichart-Converts\maimai\11678_REINCARNATEDDRAGNER_DX
F:\maimai\Maichart-Converts\POPSアニメ\11730_イタイナルアクマハシツハタイテンシハトラチヤンサマナノタ_DX
F:\maimai\Maichart-Converts\東方Project\10536_ツキニムラクモハナニカセ_DX
F:\maimai\Maichart-Converts\niconicoボーカロイド\11559_マホウシヨウシヨトチヨコレイト_DX
F:\maimai\Maichart-Converts\maimai\10145_STARLIGHTDISCO
F:\maimai\Maichart-Converts\maimai\11536_ETHERSECOND_DX
F:\maimai\Maichart-Converts\ゲームバラエティ\11589_DROPSFEATSUCH_DX
F:\maimai\Maichart-Converts\ゲームバラエティ\82_REACHFORTHESTARS
F:\maimai\Maichart-Converts\東方Project\539_エテルニタスルトロシ
F:\maimai\Maichart-Converts\maimai\142_BLACKOUT
F:\maimai\Maichart-Converts\POPSアニメ\903_回马枪
F:\maimai\Maichart-Converts\POPSアニメ\340_恋のヒメヒメぺったんこ
F:\maimai\Maichart-Converts\maimai\11548_ワンタアハンタアトラヘラア_DX
F:\maimai\Maichart-Converts\東方Project\641_CALAMITYFORTUNE
F:\maimai\Maichart-Converts\オンゲキCHUNITHM\11247_KISSMEKISS_DX
F:\maimai\Maichart-Converts\maimai\11545_オンミツアンミツDX_DX
F:\maimai\Maichart-Converts\POPSアニメ\653_NOWLOADING
F:\maimai\Maichart-Converts\オンゲキCHUNITHM\603_ソノクンシヨウカイトシカツタヨウタ
F:\maimai\Maichart-Converts\niconicoボーカロイド\10375_ONESTEPAHEAD_DX
F:\maimai\Maichart-Converts\POPSアニメ\11120_オトモタチフイルム_DX
F:\maimai\Maichart-Converts\POPSアニメ\11506_BLANKPAPERPRODTEMPLIME_DX
F:\maimai\Maichart-Converts\オンゲキCHUNITHM\11757_イチケキノテエマ_DX
F:\maimai\Maichart-Converts\オンゲキCHUNITHM\757_XEVEL
F:\maimai\Maichart-Converts\ゲームバラエティ\84_CATCHTHEFUTURE
F:\maimai\Maichart-Converts\オンゲキCHUNITHM\11823_ZITRONECTAR_DX
F:\maimai\Maichart-Converts\maimai\328_コトノハカルマ
F:\maimai\Maichart-Converts\niconicoボーカロイド\449_スロオモオシヨン
F:\maimai\Maichart-Converts\ゲームバラエティ\11287_STRANGEBAR_DX
F:\maimai\Maichart-Converts\niconicoボーカロイド\108_SWEETIEX2
F:\maimai\Maichart-Converts\maimai\11165_REGULUS_DX
F:\maimai\Maichart-Converts\POPSアニメ\29_VICTORY
F:\maimai\Maichart-Converts\宴会場\100631_KINGISBACK
F:\maimai\Maichart-Converts\東方Project\438_ヨシケンチヨウヤクキカン
F:\maimai\Maichart-Converts\オンゲキCHUNITHM\822_イロトリトリノメロテイ
F:\maimai\Maichart-Converts\niconicoボーカロイド\11697_ラヒツトホウル_DX
F:\maimai\Maichart-Converts\東方Project\11280_トランスタンスアナアキイ_DX
F:\maimai\Maichart-Converts\東方Project\467_ハカナキモノニンケン
F:\maimai\Maichart-Converts\maimai\11608_NOIZYBOUNCE_DX
F:\maimai\Maichart-Converts\ゲームバラエティ\11142_NULCTRL_DX
F:\maimai\Maichart-Converts\宴会場\100517_トウキヨウリアルワアルト
F:\maimai\Maichart-Converts\maimai\117_ホムラウタ
F:\maimai\Maichart-Converts\東方Project\699_テンクノオトシモノフミフイイトユトリ
F:\maimai\Maichart-Converts\POPSアニメ\11352_SEIZETHEDAY_DX
F:\maimai\Maichart-Converts\niconicoボーカロイド\842_WORLDSENDUMBRELLA
F:\maimai\Maichart-Converts\maimai\11027_アホカリフスニハンキヤクノホノオヲクヘロ_DX
F:\maimai\Maichart-Converts\niconicoボーカロイド\731_モウソウカンシヨウタイシヨウレンメイ
F:\maimai\Maichart-Converts\オンゲキCHUNITHM\11241_タンイツシコウセイオウハアフルウム_DX
F:\maimai\Maichart-Converts\niconicoボーカロイド\553_チユルリラチユルリラタツタツタ
F:\maimai\Maichart-Converts\POPSアニメ\11831_キユヒスム_DX
F:\maimai\Maichart-Converts\ゲームバラエティ\826_キミトホクノミライ
F:\maimai\Maichart-Converts\POPSアニメ\774_コウカニンホウチヨウ
F:\maimai\Maichart-Converts\東方Project\11781_ネタミニテイシアタア666_DX
F:\maimai\Maichart-Converts\宴会場\110631_KINGISBACK_DX
F:\maimai\Maichart-Converts\niconicoボーカロイド\11784_イカク_DX
F:\maimai\Maichart-Converts\POPSアニメ\678_THISGAME
F:\maimai\Maichart-Converts\niconicoボーカロイド\793_ロキ
F:\maimai\Maichart-Converts\オンゲキCHUNITHM\723_SPICYSWINGYSTYLE
F:\maimai\Maichart-Converts\niconicoボーカロイド\11772_ヒトマニア_DX
F:\maimai\Maichart-Converts\宴会場\100206_シユワスハタイサクセン_DX
F:\maimai\Maichart-Converts\オンゲキCHUNITHM\11240_サヨナラフリイウエイ_DX
F:\maimai\Maichart-Converts\maimai\11224_PARADISODA_DX
F:\maimai\Maichart-Converts\maimai\11737_ハラトクスイウ_DX
F:\maimai\Maichart-Converts\東方Project\10702_WARNINGWARNINGWARNING
F:\maimai\Maichart-Converts\東方Project\303_ENDLESSSLEEPLESSNIGHT
F:\maimai\Maichart-Converts\東方Project\572_SCREAMOUTMAIMAISONICWASHEREDIT
F:\maimai\Maichart-Converts\宴会場\120227_GARAKUTADOLLPLAY
F:\maimai\Maichart-Converts\宴会場\111557_フキケンナスリイカアト_DX
F:\maimai\Maichart-Converts\宴会場\100712_ミラクル・ショッピング
F:\maimai\Maichart-Converts\niconicoボーカロイド\11794_オオハアライト_DX
F:\maimai\Maichart-Converts\オンゲキCHUNITHM\736_WORLDVANQUISHER
F:\maimai\Maichart-Converts\POPSアニメ\38_NIGHTOFFIRE
F:\maimai\Maichart-Converts\オンゲキCHUNITHM\11318_スヒカノテンヒン_DX
F:\maimai\Maichart-Converts\niconicoボーカロイド\509_JUSTBEFRIENDS
F:\maimai\Maichart-Converts\オンゲキCHUNITHM\578_トキトキDREAM
F:\maimai\Maichart-Converts\maimai\11462_VSPOOK_DX
F:\maimai\Maichart-Converts\maimai\11532_エテン_DX
F:\maimai\Maichart-Converts\POPSアニメ\10668_ヨウコソシヤハリハアクヘ_DX
F:\maimai\Maichart-Converts\maimai\11100_シエルフルウマルシエ_DX
F:\maimai\Maichart-Converts\maimai\626_ソウシソウアイ
F:\maimai\Maichart-Converts\niconicoボーカロイド\10411_ハツネミクノシヨウシツ_DX
F:\maimai\Maichart-Converts\niconicoボーカロイド\610_リンカアネイシヨン
F:\maimai\Maichart-Converts\ゲームバラエティ\83_URBANCRUSHERREMIX
F:\maimai\Maichart-Converts\POPSアニメ\45_Choo Choo TRAIN
F:\maimai\Maichart-Converts\POPSアニメ\11252_GODKNOWS_DX
F:\maimai\Maichart-Converts\オンゲキCHUNITHM\11032_CHOCOLATEBOMB_DX
F:\maimai\Maichart-Converts\maimai\11526_トノサマヒイム_DX
F:\maimai\Maichart-Converts\maimai\11021_マシヨカリ_DX
F:\maimai\Maichart-Converts\niconicoボーカロイド\10193_セツナトリツフ_DX
F:\maimai\Maichart-Converts\maimai\11154_イナラフコクモツトタメイキマシリノウンソウヤ_DX
F:\maimai\Maichart-Converts\東方Project\10319_ケンソウノサテライト_DX
F:\maimai\Maichart-Converts\maimai\456_GLORIOUSCROWN
F:\maimai\Maichart-Converts\niconicoボーカロイド\11840_ノタ_DX
F:\maimai\Maichart-Converts\maimai\1020_TECHNICIANSHIGH_DX
F:\maimai\Maichart-Converts\niconicoボーカロイド\749_IEVANPOLKKA
F:\maimai\Maichart-Converts\maimai\11379_SOLIPS_DX
F:\maimai\Maichart-Converts\niconicoボーカロイド\11494_ワアワアワアルト_DX
F:\maimai\Maichart-Converts\オンゲキCHUNITHM\11687_MARBLEBLUE_DX
F:\maimai\Maichart-Converts\東方Project\11200_PARANOIA_DX
F:\maimai\Maichart-Converts\ゲームバラエティ\11514_LOSTDESIRE_DX
F:\maimai\Maichart-Converts\東方Project\794_MONEYMONEY
F:\maimai\Maichart-Converts\POPSアニメ\11324_MOONNIGHTNOSEINISITE_DX
F:\maimai\Maichart-Converts\POPSアニメ\601_キラツセウツトムラフアアム
F:\maimai\Maichart-Converts\ゲームバラエティ\662_SUNSHINEWORLDTOUR
F:\maimai\Maichart-Converts\宴会場\110227_GARAKUTADOLLPLAY_DX
F:\maimai\Maichart-Converts\maimai\488_LIVIDI
F:\maimai\Maichart-Converts\オンゲキCHUNITHM\11733_MUSICPRAYER_DX
F:\maimai\Maichart-Converts\maimai\70_シンクルヘル
F:\maimai\Maichart-Converts\maimai\674_MAGICALFLAVOR
F:\maimai\Maichart-Converts\niconicoボーカロイド\11260_ネカテイフシンカロン_DX
F:\maimai\Maichart-Converts\niconicoボーカロイド\510_ヒヒカセ
F:\maimai\Maichart-Converts\niconicoボーカロイド\11558_カミツホイナ_DX
F:\maimai\Maichart-Converts\東方Project\684_モウミンナシネハイイノニ
F:\maimai\Maichart-Converts\POPSアニメ\11255_タケモトヒアノシイエムソンク_DX
F:\maimai\Maichart-Converts\niconicoボーカロイド\11667_ニツコリチヨウサタイノテエマ_DX
F:\maimai\Maichart-Converts\POPSアニメ\277_Tachyon
F:\maimai\Maichart-Converts\POPSアニメ\659_キリキリサイキヨウアイマイミイ
F:\maimai\Maichart-Converts\niconicoボーカロイド\11448_タタセンタクカアツタ_DX
F:\maimai\Maichart-Converts\maimai\11225_VANTABLACKRAVER_DX
F:\maimai\Maichart-Converts\宴会場\100259_ホツヒツホオ_DX
F:\maimai\Maichart-Converts\POPSアニメ\668_ヨウコソシヤハリハアクヘ
F:\maimai\Maichart-Converts\ゲームバラエティ\11266_キラメキイノコリタイセンソウ_DX
F:\maimai\Maichart-Converts\POPSアニメ\11696_アイトル_DX
F:\maimai\Maichart-Converts\POPSアニメ\11778_シリウスノカカヤキノヨウニ_DX
F:\maimai\Maichart-Converts\宴会場\100308_Back 2 Back
F:\maimai\Maichart-Converts\ゲームバラエティ\11426_MJOLNIR_DX
F:\maimai\Maichart-Converts\東方Project\639_STARLIGHTDANCEFLOOR
F:\maimai\Maichart-Converts\niconicoボーカロイド\184_ILOVE
F:\maimai\Maichart-Converts\POPSアニメ\357_みかんのうた
F:\maimai\Maichart-Converts\maimai\614_ユメハナヒ
F:\maimai\Maichart-Converts\ゲームバラエティ\113_YADAYOREBORN
F:\maimai\Maichart-Converts\POPSアニメ\634_GETユメDREAM
F:\maimai\Maichart-Converts\オンゲキCHUNITHM\11242_ミナエヲチエツク_DX
F:\maimai\Maichart-Converts\ゲームバラエティ\325_WINDYHILL
F:\maimai\Maichart-Converts\maimai\11464_FALLING_DX
F:\maimai\Maichart-Converts\POPSアニメ\11321_ヨルニカケル_DX
F:\maimai\Maichart-Converts\東方Project\10404_キヨウエン
F:\maimai\Maichart-Converts\POPSアニメ\789_ネコ
F:\maimai\Maichart-Converts\POPSアニメ\398_THEOTHERSELF
F:\maimai\Maichart-Converts\オンゲキCHUNITHM\11396_テリトリイハトル_DX
F:\maimai\Maichart-Converts\東方Project\10204_ナイトオフナイツ_DX
F:\maimai\Maichart-Converts\niconicoボーカロイド\841_シユウテン
F:\maimai\Maichart-Converts\niconicoボーカロイド\11069_タイヨウケイテスコ_DX
F:\maimai\Maichart-Converts\maimai\11161_オリフイス_DX
F:\maimai\Maichart-Converts\niconicoボーカロイド\11411_エンウイイヘイヒイ_DX
F:\maimai\Maichart-Converts\オンゲキCHUNITHM\11249_SPLASHDANCE_DX
F:\maimai\Maichart-Converts\宴会場\100998_OSHAMASCRAMBLECRANKYREMIX
F:\maimai\Maichart-Converts\niconicoボーカロイド\11355_ラクトレイン_DX
F:\maimai\Maichart-Converts\オンゲキCHUNITHM\721_BANGBABANGBANG
F:\maimai\Maichart-Converts\niconicoボーカロイド\400_テツトレツトカアルス
F:\maimai\Maichart-Converts\maimai\239_SYSTEMZ
F:\maimai\Maichart-Converts\東方Project\11776_ユケムリタマオンセン2_DX
F:\maimai\Maichart-Converts\東方Project\739_ススメイツスンクンタンREBELLIONOFTHEDWARFS
F:\maimai\Maichart-Converts\オンゲキCHUNITHM\11246_BOUNCEDANCE_DX
F:\maimai\Maichart-Converts\オンゲキCHUNITHM\11404_SEETHELIGHT_DX
F:\maimai\Maichart-Converts\宴会場\111715_ライアアタンサア_DX
F:\maimai\Maichart-Converts\maimai\11101_GRANDIR_DX
F:\maimai\Maichart-Converts\宴会場\110579_ホツフミユウシツクハホクノモノ
F:\maimai\Maichart-Converts\maimai\11308_ヨミヒトシラス_DX
F:\maimai\Maichart-Converts\niconicoボーカロイド\190_モサイクロオル
F:\maimai\Maichart-Converts\ゲームバラエティ\278_レツツコオオンミヨウシ
F:\maimai\Maichart-Converts\オンゲキCHUNITHM\11625_GEOMETRICDANCE_DX
F:\maimai\Maichart-Converts\maimai\11155_ARAIS_DX
F:\maimai\Maichart-Converts\東方Project\11204_SWEETREQUIEM_DX
F:\maimai\Maichart-Converts\POPSアニメ\11076_ミカンセイシン_DX
F:\maimai\Maichart-Converts\宴会場\100413_キャプテン・ムラサのケツアンカー
F:\maimai\Maichart-Converts\東方Project\537_NOROUTINE
F:\maimai\Maichart-Converts\ゲームバラエティ\11588_COMPLEXMIND_DX
F:\maimai\Maichart-Converts\POPSアニメ\11406_アイノシユフリイム_DX
F:\maimai\Maichart-Converts\maimai\1301_ハナノシユウラクアキノオトトケ
F:\maimai\Maichart-Converts\東方Project\11278_ケコクシヨウシヨウ_DX
F:\maimai\Maichart-Converts\POPSアニメ\11336_トラコンエネルキイ_DX
F:\maimai\Maichart-Converts\niconicoボーカロイド\11709_ツツミクサ_DX
F:\maimai\Maichart-Converts\東方Project\10302_ケロ9DESTINY
F:\maimai\Maichart-Converts\maimai\10366_OBORO_DX
F:\maimai\Maichart-Converts\maimai\422_LANCE
F:\maimai\Maichart-Converts\ゲームバラエティ\75_テンコクトシコク
F:\maimai\Maichart-Converts\maimai\1235_VIIIBITEXPLORER_DX
F:\maimai\Maichart-Converts\宴会場\100022_INCHAOS_DX
F:\maimai\Maichart-Converts\東方Project\310_エヒクロスノニシハモウミエナイ
F:\maimai\Maichart-Converts\東方Project\702_WARNINGWARNINGWARNING
F:\maimai\Maichart-Converts\POPSアニメ\491_ヘタリアンシェット
F:\maimai\Maichart-Converts\niconicoボーカロイド\10191_ノウシヨウサクレツカアル_DX
F:\maimai\Maichart-Converts\POPSアニメ\10560_マワレセツケツカ_DX
F:\maimai\Maichart-Converts\東方Project\11199_イタスラセンセイシヨン_DX
F:\maimai\Maichart-Converts\POPSアニメ\11256_オトメノルウトハヒトツシヤナイ_DX
F:\maimai\Maichart-Converts\宴会場\100259_ホツヒツホオ
F:\maimai\Maichart-Converts\niconicoボーカロイド\707_フリイタムロリイタ
F:\maimai\Maichart-Converts\maimai\11743_テンカイ_DX
F:\maimai\Maichart-Converts\東方Project\536_ツキニムラクモハナニカセ
F:\maimai\Maichart-Converts\ゲームバラエティ\333_GO MY WAY!!
F:\maimai\Maichart-Converts\POPSアニメ\371_STANDUP
F:\maimai\Maichart-Converts\niconicoボーカロイド\374_アンハツヒイリフレイン
F:\maimai\Maichart-Converts\ゲームバラエティ\10625_MAXI
F:\maimai\Maichart-Converts\maimai\11394_WORLDSENDLONELINESS_DX
F:\maimai\Maichart-Converts\maimai\760_RAGNAROK
F:\maimai\Maichart-Converts\POPSアニメ\775_シンキスカン
F:\maimai\Maichart-Converts\宴会場\111513_マワルソラウサキ_DX
F:\maimai\Maichart-Converts\オンゲキCHUNITHM\461_ムテキWEAREONE
F:\maimai\Maichart-Converts\niconicoボーカロイド\282_カラクリヒエロ
F:\maimai\Maichart-Converts\東方Project\11341_アカホシミセラフルハイオクヘン_DX
F:\maimai\Maichart-Converts\niconicoボーカロイド\280_ロシンユウカイ
F:\maimai\Maichart-Converts\maimai\11671_EDELWEISS_DX
F:\maimai\Maichart-Converts\POPSアニメ\43_愛を止めないで
F:\maimai\Maichart-Converts\POPSアニメ\11041_ノツテケシヤハリヒイト_DX
F:\maimai\Maichart-Converts\オンゲキCHUNITHM\11759_RNRMONSTA_DX
F:\maimai\Maichart-Converts\niconicoボーカロイド\11805_リアライス_DX
F:\maimai\Maichart-Converts\maimai\803_SCHWARZSCHILD
F:\maimai\Maichart-Converts\maimai\11094_ココカラハシマルフロロオク_DX
F:\maimai\Maichart-Converts\maimai\11458_RISINGONTHEHORIZON_DX
F:\maimai\Maichart-Converts\niconicoボーカロイド\11360_リモコン_DX
F:\maimai\Maichart-Converts\オンゲキCHUNITHM\11472_DONTFIGHTTHEMUSIC_DX
F:\maimai\Maichart-Converts\POPSアニメ\609_SAKURAスキツフ
F:\maimai\Maichart-Converts\ゲームバラエティ\11490_RANDOM_DX
F:\maimai\Maichart-Converts\宴会場\111222_BREAKBREAKBREAK_DX
F:\maimai\Maichart-Converts\maimai\11662_RAPUTA_DX
F:\maimai\Maichart-Converts\ゲームバラエティ\556_ヨアケマテアト3ヒヨウ
F:\maimai\Maichart-Converts\POPSアニメ\562_いぇす！ゆゆゆ☆ゆるゆり♪♪
F:\maimai\Maichart-Converts\niconicoボーカロイド\781_SEYANAナンテモイウコトヲキイテクレルアカネチヤン
F:\maimai\Maichart-Converts\niconicoボーカロイド\11599_マニマニ_DX
F:\maimai\Maichart-Converts\POPSアニメ\414_ワカイチカラSEGAHARDGIRLSMIX
F:\maimai\Maichart-Converts\POPSアニメ\11766_マツケンサンハ2_DX
F:\maimai\Maichart-Converts\POPSアニメ\11765_アイハイタンスホオル_DX
F:\maimai\Maichart-Converts\maimai\10251_MONOCHROMERAINBOW_DX
F:\maimai\Maichart-Converts\niconicoボーカロイド\256_イイアルフアンクラフ
F:\maimai\Maichart-Converts\ゲームバラエティ\688_キリン
F:\maimai\Maichart-Converts\ゲームバラエティ\11524_ALICESSUITCASE_DX
F:\maimai\Maichart-Converts\ゲームバラエティ\11438_REACHFORTHESTARSRECOLORS_DX
F:\maimai\Maichart-Converts\maimai\581_ネエコワレタニンキヨウハトコヘステラレルノ
F:\maimai\Maichart-Converts\niconicoボーカロイド\187_ロオリンカアル
F:\maimai\Maichart-Converts\maimai\11022_TWISTED_DX
F:\maimai\Maichart-Converts\niconicoボーカロイド\11198_アスノヨソラシヨウカイハン_DX
F:\maimai\Maichart-Converts\宴会場\100206_シユワスハタイサクセン
F:\maimai\Maichart-Converts\niconicoボーカロイド\516_ココロ
F:\maimai\Maichart-Converts\maimai\11163_REALVOICE_DX
F:\maimai\Maichart-Converts\ゲームバラエティ\11647_OZMA_DX
F:\maimai\Maichart-Converts\ゲームバラエティ\11145_ENTRANCE_DX
F:\maimai\Maichart-Converts\niconicoボーカロイド\223_ヨハナシテイセイフ
F:\maimai\Maichart-Converts\maimai\130_FEELALIVE
F:\maimai\Maichart-Converts\maimai\11540_KAIROS_DX
F:\maimai\Maichart-Converts\ゲームバラエティ\542_METATRON
F:\maimai\Maichart-Converts\東方Project\10301_カンフテトマツテスクトケル_DX
F:\maimai\Maichart-Converts\niconicoボーカロイド\11563_キヤツトラヒンク_DX
F:\maimai\Maichart-Converts\東方Project\199_チルノノハアフエクトサンスウキヨウシツ
F:\maimai\Maichart-Converts\POPSアニメ\10181_キミノシラナイモノカタリ_DX
F:\maimai\Maichart-Converts\東方Project\11134_ソリツト_DX
F:\maimai\Maichart-Converts\niconicoボーカロイド\193_セツナトリツフ
F:\maimai\Maichart-Converts\niconicoボーカロイド\801_コカネノセイヤソウセツニクチテ
F:\maimai\Maichart-Converts\東方Project\11329_イヤホンロマンス_DX
F:\maimai\Maichart-Converts\niconicoボーカロイド\11084_イカサマライフケイム_DX
F:\maimai\Maichart-Converts\maimai\1103_カシヨウキンカノシンフオニエツタ_DX
F:\maimai\Maichart-Converts\POPSアニメ\11422_999999_DX
F:\maimai\Maichart-Converts\東方Project\11275_ロストワアトクロニカル_DX
F:\maimai\Maichart-Converts\ゲームバラエティ\11705_VOLT_DX
F:\maimai\Maichart-Converts\東方Project\765_ミンナノ
F:\maimai\Maichart-Converts\東方Project\10204_ナイトオフナイツ
F:\maimai\Maichart-Converts\POPSアニメ\11071_トウホウセイソウコウシンキヨク_DX
F:\maimai\Maichart-Converts\オンゲキCHUNITHM\547_ワタシノナカノケンソウテキセカイカン
F:\maimai\Maichart-Converts\niconicoボーカロイド\11645_トンテモワンタアス_DX
F:\maimai\Maichart-Converts\東方Project\10535_イロハニオヘトチリヌルヲ_DX
F:\maimai\Maichart-Converts\niconicoボーカロイド\11359_アカツキアライウアル_DX
F:\maimai\Maichart-Converts\ゲームバラエティ\850_BMS
F:\maimai\Maichart-Converts\niconicoボーカロイド\109_クサレケトウトチヨコレイト
F:\maimai\Maichart-Converts\maimai\11302_BLACKSWAN_DX
F:\maimai\Maichart-Converts\オンゲキCHUNITHM\11446_OTORIIINNOVATEDI3_DX
F:\maimai\Maichart-Converts\maimai\573_シカツノアメ
F:\maimai\Maichart-Converts\POPSアニメ\11322_ウツセエワ_DX
F:\maimai\Maichart-Converts\niconicoボーカロイド\804_MAGICALSOUNDSHOWER
F:\maimai\Maichart-Converts\東方Project\640_ヨウセイムラノケツタンサイLUNATEELF
F:\maimai\Maichart-Converts\ゲームバラエティ\827_LOSTPRINCESS
F:\maimai\Maichart-Converts\オンゲキCHUNITHM\11108_UTAKATA_DX
F:\maimai\Maichart-Converts\東方Project\840_IMPERISHABLENIGHT20062016REFINE
F:\maimai\Maichart-Converts\maimai\11023_BLOWSUPEVERYTHING_DX
F:\maimai\Maichart-Converts\POPSアニメ\502_SCATMANSKIBABOPBADOPBOP
F:\maimai\Maichart-Converts\ゲームバラエティ\11286_RUSHMORE_DX
F:\maimai\Maichart-Converts\ゲームバラエティ\836_GOODBYEMRJACK
F:\maimai\Maichart-Converts\ゲームバラエティ\111_SKYHIGHREBORN
F:\maimai\Maichart-Converts\ゲームバラエティ\11207_ETHERSTRIKE_DX
F:\maimai\Maichart-Converts\maimai\11306_RAVENEMPEROR_DX
F:\maimai\Maichart-Converts\オンゲキCHUNITHM\779_イカツチ
F:\maimai\Maichart-Converts\POPSアニメ\605_7GIRLSWAR
F:\maimai\Maichart-Converts\niconicoボーカロイド\10190_モサイクロオル
F:\maimai\Maichart-Converts\maimai\11613_MYSTICPARADE_DX
F:\maimai\Maichart-Converts\ゲームバラエティ\11706_TINYTALESCONTINUE_DX
F:\maimai\Maichart-Converts\niconicoボーカロイド\11769_スンタハアリナイ_DX
F:\maimai\Maichart-Converts\maimai\10493_IMITATIONLOUDLOUNGE_DX
F:\maimai\Maichart-Converts\東方Project\10404_キヨウエン_DX
F:\maimai\Maichart-Converts\maimai\251_MONOCHROMERAINBOW
F:\maimai\Maichart-Converts\オンゲキCHUNITHM\11754_ELEMENTALETHNIC_DX
F:\maimai\Maichart-Converts\maimai\812_ALEAJACTAEST
F:\maimai\Maichart-Converts\niconicoボーカロイド\811_ミキカタノチヨウ
F:\maimai\Maichart-Converts\POPSアニメ\11450_YONAYONADANCE_DX
F:\maimai\Maichart-Converts\niconicoボーカロイド\11351_ノイロオセ_DX
F:\maimai\Maichart-Converts\ゲームバラエティ\558_STAIRWAYTOGENERATION
F:\maimai\Maichart-Converts\ゲームバラエティ\214_AWAKE
F:\maimai\Maichart-Converts\POPSアニメ\11_じょいふる
F:\maimai\Maichart-Converts\東方Project\10319_ケンソウノサテライト
F:\maimai\Maichart-Converts\niconicoボーカロイド\101_オチヤメキノウ
F:\maimai\Maichart-Converts\niconicoボーカロイド\10125_センホンサクラ_DX
F:\maimai\Maichart-Converts\maimai\11452_ホシシスク_DX
F:\maimai\Maichart-Converts\POPSアニメ\697_カフリイストロツフキツク
F:\maimai\Maichart-Converts\POPSアニメ\173_サラバ、愛しき悲しみたちよ
F:\maimai\Maichart-Converts\niconicoボーカロイド\692_トクハク
F:\maimai\Maichart-Converts\宴会場\100220_セカサタアンキトウオン_DX
F:\maimai\Maichart-Converts\maimai\11751_COLORFULLENCOUNTER_DX
F:\maimai\Maichart-Converts\東方Project\10535_イロハニオヘトチリヌルヲ
F:\maimai\Maichart-Converts\niconicoボーカロイド\399_フモウ
F:\maimai\Maichart-Converts\maimai\116_ヒヒハフウ
F:\maimai\Maichart-Converts\niconicoボーカロイド\580_ヨシワララメント
F:\maimai\Maichart-Converts\宴会場\111772_ヒトマニア_DX
F:\maimai\Maichart-Converts\POPSアニメ\54_ヘビーローテーション
F:\maimai\Maichart-Converts\maimai\9_COLORMYWORLD
F:\maimai\Maichart-Converts\宴会場\111363_カミカミカコイシタケンソウキヨウ_DX
F:\maimai\Maichart-Converts\宴会場\100363_OSHAMASCRAMBLE_DX
F:\maimai\Maichart-Converts\maimai\11301_ハナノシユウラクアキノオトトケ_DX
F:\maimai\Maichart-Converts\niconicoボーカロイド\185_ハロオフラネツト
F:\maimai\Maichart-Converts\maimai\11157_AETHERICENERGY_DX
F:\maimai\Maichart-Converts\ゲームバラエティ\11508_アイムマイヒイロオ_DX
F:\maimai\Maichart-Converts\ゲームバラエティ\800_EVERGREEN
F:\maimai\Maichart-Converts\オンゲキCHUNITHM\11691_AIC_DX
F:\maimai\Maichart-Converts\POPSアニメ\788_NOISYLOVEPOWER
F:\maimai\Maichart-Converts\東方Project\301_カンフテトマツテスクトケル
F:\maimai\Maichart-Converts\maimai\11001_BLACKROSE_DX
F:\maimai\Maichart-Converts\niconicoボーカロイド\11518_ホツカテラヘリタ_DX
F:\maimai\Maichart-Converts\maimai\11466_クンシヨウシクナル_DX
F:\maimai\Maichart-Converts\オンゲキCHUNITHM\852_TIAMATFMINOR
F:\maimai\Maichart-Converts\東方Project\11219_PRISMATIC_DX
F:\maimai\Maichart-Converts\ゲームバラエティ\329_カセケシヤリンコヒイロオ
F:\maimai\Maichart-Converts\ゲームバラエティ\217_RIDERSOFTHELIGHT
F:\maimai\Maichart-Converts\ゲームバラエティ\625_MAXI
F:\maimai\Maichart-Converts\オンゲキCHUNITHM\849_KATTOBIKEIKYURIDER
F:\maimai\Maichart-Converts\POPSアニメ\11119_IMWITHYOU_DX
F:\maimai\Maichart-Converts\ゲームバラエティ\11283_SOUNDCHIMERA_DX
F:\maimai\Maichart-Converts\POPSアニメ\416_ココロオトル
F:\maimai\Maichart-Converts\niconicoボーカロイド\100_TELLYOURWORLD
F:\maimai\Maichart-Converts\maimai\11167_BIRTH_DX
F:\maimai\Maichart-Converts\maimai\11387_ホシソラハアテイイチユウン_DX
F:\maimai\Maichart-Converts\maimai\10117_ホムラウタ_DX
F:\maimai\Maichart-Converts\maimai\11682_GERANIUM_DX
F:\maimai\Maichart-Converts\POPSアニメ\11253_オシヤマシヨカアニハル_DX
F:\maimai\Maichart-Converts\オンゲキCHUNITHM\460_センコウノフリユウナク
F:\maimai\Maichart-Converts\オンゲキCHUNITHM\11628_WEREBACK_DX
F:\maimai\Maichart-Converts\POPSアニメ\56_ウツウツウマウマ
F:\maimai\Maichart-Converts\ゲームバラエティ\11333_SOUTHERNCROSS_DX
F:\maimai\Maichart-Converts\maimai\534_NITROUSFURY
F:\maimai\Maichart-Converts\niconicoボーカロイド\10146_39_DX
F:\maimai\Maichart-Converts\宴会場\100070_ジングルベル
F:\maimai\Maichart-Converts\POPSアニメ\656_ソラノウタ
F:\maimai\Maichart-Converts\maimai\11008_CRAZYCIRCLE_DX
F:\maimai\Maichart-Converts\ゲームバラエティ\11641_LOVEKILLSU_DX
F:\maimai\Maichart-Converts\niconicoボーカロイド\447_フラスタンシ
F:\maimai\Maichart-Converts\niconicoボーカロイド\44_ハツヒイシンセサイサ
F:\maimai\Maichart-Converts\maimai\11222_BREAKBREAKBREAK_DX
F:\maimai\Maichart-Converts\ゲームバラエティ\11334_UPSHIFT_DX
F:\maimai\Maichart-Converts\宴会場\111636_サクユイタイソウ_DX
F:\maimai\Maichart-Converts\ゲームバラエティ\1051_DESTR0YER_DX
F:\maimai\Maichart-Converts\maimai\854_センセカイキヨウツウリスムカンテスト
F:\maimai\Maichart-Converts\ゲームバラエティ\334_THE IDOLM@STER 2nd-mix
F:\maimai\Maichart-Converts\maimai\11382_HECATONCHEIR_DX
F:\maimai\Maichart-Converts\maimai\11542_ココカラハシマルフロロオクKANONREMIX_DX
F:\maimai\Maichart-Converts\niconicoボーカロイド\11268_ニヤンニヤンテキウチユウロン_DX
F:\maimai\Maichart-Converts\niconicoボーカロイド\11412_ハツネテンチカイヒヤクシンワ_DX
F:\maimai\Maichart-Converts\POPSアニメ\11254_ヒヨウシンヲカム_DX
F:\maimai\Maichart-Converts\maimai\11098_キヨウメイ_DX
F:\maimai\Maichart-Converts\niconicoボーカロイド\747_エレクトリツクエンシエウ
F:\maimai\Maichart-Converts\niconicoボーカロイド\11410_ウアンハイア_DX
F:\maimai\Maichart-Converts\オンゲキCHUNITHM\11443_8EM_DX
F:\maimai\Maichart-Converts\niconicoボーカロイド\11361_ONTHEROCKS_DX
F:\maimai\Maichart-Converts\maimai\11527_ENCHANTEDWANDERER_DX
F:\maimai\Maichart-Converts\maimai\25_SWEETSSWEETS
F:\maimai\Maichart-Converts\宴会場\110647_エイリアンエイリアン_DX
F:\maimai\Maichart-Converts\POPSアニメ\11115_タカラホクハオンカクヲヤメタ_DX
F:\maimai\Maichart-Converts\maimai\11230_チエルカエソテリカ_DX
F:\maimai\Maichart-Converts\niconicoボーカロイド\520_キホリナマストミキカタソンヒ
F:\maimai\Maichart-Converts\maimai\11679_BEGINNINGTOGETHER_DX
F:\maimai\Maichart-Converts\niconicoボーカロイド\11481_アニマル_DX
F:\maimai\Maichart-Converts\東方Project\10202_GRIPANDBREAKDOWN_DX
F:\maimai\Maichart-Converts\niconicoボーカロイド\647_エイリアンエイリアン
F:\maimai\Maichart-Converts\niconicoボーカロイド\300_SWEETDEVIL
F:\maimai\Maichart-Converts\maimai\11736_フリスムリスム_DX
F:\maimai\Maichart-Converts\POPSアニメ\476_コクシヨウスマイル
F:\maimai\Maichart-Converts\maimai\228_DREAMPAINTER
F:\maimai\Maichart-Converts\maimai\261_DEATHSCYTHE
F:\maimai\Maichart-Converts\maimai\11445_イテンシレヘルスハイラル_DX
F:\maimai\Maichart-Converts\宴会場\100224_ウサテイ
F:\maimai\Maichart-Converts\ゲームバラエティ\11085_HALCYON_DX
F:\maimai\Maichart-Converts\niconicoボーカロイド\268_トルココウシンキヨクオワタ
F:\maimai\Maichart-Converts\オンゲキCHUNITHM\11627_インハアフエクシオンホワイトカアル_DX
F:\maimai\Maichart-Converts\maimai\746_LARVA
F:\maimai\Maichart-Converts\niconicoボーカロイド\525_フリキノタンス
F:\maimai\Maichart-Converts\ゲームバラエティ\218_TERMINALSTORM
F:\maimai\Maichart-Converts\東方Project\11139_WHEEL_DX
F:\maimai\Maichart-Converts\niconicoボーカロイド\11058_テンハラタイム_DX
F:\maimai\Maichart-Converts\maimai\367_DRAGOON
F:\maimai\Maichart-Converts\maimai\11617_POWEROFUNITY_DX
F:\maimai\Maichart-Converts\niconicoボーカロイド\518_ヤメロキクナ
F:\maimai\Maichart-Converts\オンゲキCHUNITHM\10420_CHANGEOURMIRAI
F:\maimai\Maichart-Converts\オンゲキCHUNITHM\11176_CLIMAX_DX
F:\maimai\Maichart-Converts\POPSアニメ\11497_アマカミサマ_DX
F:\maimai\Maichart-Converts\maimai\327_タカハセメイシンマン
F:\maimai\Maichart-Converts\POPSアニメ\11712_ハラハラカリソメレインホオロオス_DX
F:\maimai\Maichart-Converts\東方Project\295_ヒイロノDANCE
F:\maimai\Maichart-Converts\宴会場\110281_タフルラリアツト_DX
F:\maimai\Maichart-Converts\ゲームバラエティ\11424_ESTAHV_DX
F:\maimai\Maichart-Converts\POPSアニメ\470_TOUCHTAPBABY
F:\maimai\Maichart-Converts\オンゲキCHUNITHM\11317_LIMITS_DX
F:\maimai\Maichart-Converts\niconicoボーカロイド\11350_アクマノオトリカタ_DX
F:\maimai\Maichart-Converts\東方Project\10602_TABOOTEARSYOUUP_DX
F:\maimai\Maichart-Converts\maimai\11160_MUTATION_DX
F:\maimai\Maichart-Converts\POPSアニメ\11764_シヨウ_DX
F:\maimai\Maichart-Converts\maimai\11221_キミツアア_DX
F:\maimai\Maichart-Converts\niconicoボーカロイド\11650_スンタモンノチヨウシヨクメサマシスンラツフ_DX
F:\maimai\Maichart-Converts\オンゲキCHUNITHM\11319_ハアトコアシントロオム_DX
F:\maimai\Maichart-Converts\maimai\58_ENDLESSWORLD
F:\maimai\Maichart-Converts\niconicoボーカロイド\805_カタオモイサンハ
F:\maimai\Maichart-Converts\オンゲキCHUNITHM\420_CHANGEOURMIRAI
F:\maimai\Maichart-Converts\maimai\10242_ナミタトリユウセイ_DX
F:\maimai\Maichart-Converts\maimai\10363_OSHAMASCRAMBLE
F:\maimai\Maichart-Converts\ゲームバラエティ\543_オワリナキモノカタリ
F:\maimai\Maichart-Converts\宴会場\100230_CYCLES_DX
F:\maimai\Maichart-Converts\niconicoボーカロイド\690_タンスロホツトタンス
F:\maimai\Maichart-Converts\maimai\463_FEELTHEBEATS
F:\maimai\Maichart-Converts\ゲームバラエティ\11291_ヒミツカルト_DX
F:\maimai\Maichart-Converts\東方Project\816_クレイシイクレイシイタンサアス
F:\maimai\Maichart-Converts\ゲームバラエティ\576_H-A-J-I-M-A-R-I-U-T-A-!!
F:\maimai\Maichart-Converts\niconicoボーカロイド\11121_ヒタアチヨコテコレエシヨン_DX
F:\maimai\Maichart-Converts\ゲームバラエティ\11370_サンサアラ_DX
F:\maimai\Maichart-Converts\オンゲキCHUNITHM\769_ナルトナキノハアフエクトロツクンロオルキヨウシツ
F:\maimai\Maichart-Converts\ゲームバラエティ\24_SUNDANCE
F:\maimai\Maichart-Converts\POPSアニメ\11184_VIRTUALTOLIVE_DX
F:\maimai\Maichart-Converts\POPSアニメ\11056_CLATTANOIA_DX
F:\maimai\Maichart-Converts\ゲームバラエティ\11721_INFINITEENERZYOVERDOZE_DX
F:\maimai\Maichart-Converts\東方Project\11049_BADAPPLEFEATNOMICOREDALICEREMIX_DX
F:\maimai\Maichart-Converts\POPSアニメ\497_FAKEFAKE
F:\maimai\Maichart-Converts\maimai\11091_STARDUSTMEMORIES_DX
F:\maimai\Maichart-Converts\ゲームバラエティ\592_SAKURAFUBUKI
F:\maimai\Maichart-Converts\maimai\11463_RIFFRAIN_DX
F:\maimai\Maichart-Converts\maimai\227_GARAKUTADOLLPLAY
F:\maimai\Maichart-Converts\POPSアニメ\907_ふぇいしーんるぅぃりー
F:\maimai\Maichart-Converts\東方Project\224_ウサテイ
F:\maimai\Maichart-Converts\niconicoボーカロイド\11631_IMAWANOKIWA_DX
F:\maimai\Maichart-Converts\niconicoボーカロイド\792_ヒハナ
F:\maimai\Maichart-Converts\niconicoボーカロイド\11127_クラアウエ_DX
F:\maimai\Maichart-Converts\niconicoボーカロイド\11045_アウトサイタア_DX
F:\maimai\Maichart-Converts\宴会場\100114_SPACEHARRIERMAINTHEMEREBORN
F:\maimai\Maichart-Converts\ゲームバラエティ\209_ココロスキヤンノウタ
F:\maimai\Maichart-Converts\maimai\11374_GIGANTOMAKHIA_DX
F:\maimai\Maichart-Converts\オンゲキCHUNITHM\490_INFANTOONFANTASY
F:\maimai\Maichart-Converts\maimai\11099_UTUTU_DX
F:\maimai\Maichart-Converts\POPSアニメ\506_セハカカカンハツチヤウ
F:\maimai\Maichart-Converts\niconicoボーカロイド\726_アンノウンマサアクウス
F:\maimai\Maichart-Converts\maimai\11214_JORQER_DX
F:\maimai\Maichart-Converts\niconicoボーカロイド\11492_クンシヨウサンカ_DX
F:\maimai\Maichart-Converts\東方Project\11434_SPRINGOFDREAMS_DX
F:\maimai\Maichart-Converts\オンゲキCHUNITHM\11689_サイツコウノエンタメタ_DX
F:\maimai\Maichart-Converts\niconicoボーカロイド\11839_モモイロノカキ_DX
F:\maimai\Maichart-Converts\niconicoボーカロイド\706_シヤルル
F:\maimai\Maichart-Converts\ゲームバラエティ\11148_CHAOS_DX
F:\maimai\Maichart-Converts\POPSアニメ\274_RPG
F:\maimai\Maichart-Converts\maimai\155_ナキムシOCLOCK
F:\maimai\Maichart-Converts\POPSアニメ\11347_トロノフンサイテワタシタケノタイセツヲウハオウタナンテ_DX
F:\maimai\Maichart-Converts\オンゲキCHUNITHM\11177_レエイレエイ_DX
F:\maimai\Maichart-Converts\maimai\11376_ISOPHOTE_DX
F:\maimai\Maichart-Converts\POPSアニメ\729_ニメンセイウラオモテライフ
F:\maimai\Maichart-Converts\宴会場\111577_ハンフンコ_DX
F:\maimai\Maichart-Converts\POPSアニメ\21_コネクト
F:\maimai\Maichart-Converts\ゲームバラエティ\557_LASTBRAVEGOTOZERO
F:\maimai\Maichart-Converts\niconicoボーカロイド\10316_MSSPLANET
F:\maimai\Maichart-Converts\POPSアニメ\906_So long
F:\maimai\Maichart-Converts\niconicoボーカロイド\11349_シツハイサクシヨウシヨ_DX
F:\maimai\Maichart-Converts\POPSアニメ\11557_フキケンナスリイカアト_DX
F:\maimai\Maichart-Converts\niconicoボーカロイド\11521_ロオタスイイタア_DX
F:\maimai\Maichart-Converts\POPSアニメ\11760_ユウシヤ_DX
F:\maimai\Maichart-Converts\オンゲキCHUNITHM\11111_POPCORN_DX
F:\maimai\Maichart-Converts\POPSアニメ\11039_UNION_DX
F:\maimai\Maichart-Converts\niconicoボーカロイド\10122_コオコオユウレイセン_DX
F:\maimai\Maichart-Converts\maimai\11750_FLASHBACK_DX
F:\maimai\Maichart-Converts\宴会場\100456_GLORIOUSCROWN_DX
F:\maimai\Maichart-Converts\niconicoボーカロイド\11193_テリヘルヨンタラキミカキタ_DX
F:\maimai\Maichart-Converts\東方Project\11342_ケンソウニサイタハナ_DX
F:\maimai\Maichart-Converts\maimai\248_BACKYUNワルイオンナ
F:\maimai\Maichart-Converts\maimai\11393_ハクカノテンシ_DX
F:\maimai\Maichart-Converts\niconicoボーカロイド\11271_サイカイ_DX
F:\maimai\Maichart-Converts\maimai\11169_ステツフアントライム_DX
F:\maimai\Maichart-Converts\ゲームバラエティ\11423_BLUEZONE_DX
F:\maimai\Maichart-Converts\東方Project\203_HELPMEERINNNNNNBANDVER
F:\maimai\Maichart-Converts\ゲームバラエティ\11800_ヒホヒホPEOPLEPEOPLEFEATナナヒラ_DX
F:\maimai\Maichart-Converts\maimai\613_テンコクトシコクコトノハリンネ
F:\maimai\Maichart-Converts\POPSアニメ\11635_アンタアキツス_DX
F:\maimai\Maichart-Converts\宴会場\100199_チルノノハアフエクトサンスウキヨウシツ
F:\maimai\Maichart-Converts\宴会場\111429_LOVESTHEMEOFBADASSハツトアスアイノテエマ_DX
F:\maimai\Maichart-Converts\POPSアニメ\11503_BADDEST_DX
F:\maimai\Maichart-Converts\ゲームバラエティ\429_Wonderland Wars オープニング
F:\maimai\Maichart-Converts\東方Project\10302_ケロ9DESTINY_DX
F:\maimai\Maichart-Converts\POPSアニメ\11430_オントロシイ_DX
F:\maimai\Maichart-Converts\オンゲキCHUNITHM\649_モウシンソリストライフ
F:\maimai\Maichart-Converts\POPSアニメ\730_ウマルンタイソウ
F:\maimai\Maichart-Converts\ゲームバラエティ\11444_ワカイチカラ_DX
F:\maimai\Maichart-Converts\maimai\642_JUSTIFIED
F:\maimai\Maichart-Converts\POPSアニメ\11782_ムケンマイワアルト_DX
F:\maimai\Maichart-Converts\niconicoボーカロイド\432_シアワセニナレルカクシコマントカアルラシイ
F:\maimai\Maichart-Converts\POPSアニメ\11250_インフエルノ_DX
F:\maimai\Maichart-Converts\maimai\11096_モルモル_DX
F:\maimai\Maichart-Converts\ゲームバラエティ\624_KISSCANDYFLAVOR
F:\maimai\Maichart-Converts\niconicoボーカロイド\10706_シヤルル_DX
F:\maimai\Maichart-Converts\maimai\666_テスハレイト
F:\maimai\Maichart-Converts\niconicoボーカロイド\11700_FREAKOUTHR_DX
F:\maimai\Maichart-Converts\POPSアニメ\11346_ハルヲツケル_DX
F:\maimai\Maichart-Converts\niconicoボーカロイド\11261_アメトヘトラ_DX
F:\maimai\Maichart-Converts\東方Project\11770_ULTIMATETASTE_DX
F:\maimai\Maichart-Converts\POPSアニメ\11217_PRETENDER_DX
F:\maimai\Maichart-Converts\ゲームバラエティ\1085_HALCYON_DX
F:\maimai\Maichart-Converts\POPSアニメ\11116_ラフトラマテイツクフイイチヤリンクイハラリツカ_DX
F:\maimai\Maichart-Converts\東方Project\404_キヨウエン
F:\maimai\Maichart-Converts\niconicoボーカロイド\192_SPICA
F:\maimai\Maichart-Converts\東方Project\11064_LITTLESISTERBITCH_DX
F:\maimai\Maichart-Converts\宴会場\100775_ジンギスカン
F:\maimai\Maichart-Converts\niconicoボーカロイド\11598_テオ_DX
F:\maimai\Maichart-Converts\niconicoボーカロイド\11273_トラフイツクシヤム_DX
F:\maimai\Maichart-Converts\ゲームバラエティ\11803_MORNINGLOOM_DX
F:\maimai\Maichart-Converts\ゲームバラエティ\11284_COSMICRAILROAD_DX
F:\maimai\Maichart-Converts\ゲームバラエティ\11575_ホクノワフウホントウシヨウス_DX
F:\maimai\Maichart-Converts\niconicoボーカロイド\11191_ミヨウシヨウキヤラクテイカ_DX
F:\maimai\Maichart-Converts\niconicoボーカロイド\11630_1000ネンイキテル_DX
F:\maimai\Maichart-Converts\niconicoボーカロイド\10552_コオストルウル
F:\maimai\Maichart-Converts\POPSアニメ\368_シリウス
F:\maimai\Maichart-Converts\maimai\11015_イチカハチ_DX
F:\maimai\Maichart-Converts\POPSアニメ\372_ファミリーパーティー
F:\maimai\Maichart-Converts\ゲームバラエティ\11607_MAGENTAPOTION_DX
F:\maimai\Maichart-Converts\maimai\713_KINDAWAY
F:\maimai\Maichart-Converts\オンゲキCHUNITHM\11401_コスモホツフフアンクラフ_DX
F:\maimai\Maichart-Converts\POPSアニメ\10500_シユカアソンクトヒタアステツフ
F:\maimai\Maichart-Converts\niconicoボーカロイド\618_ラフチイノ
F:\maimai\Maichart-Converts\POPSアニメ\11179_マチカトタンシエント_DX
F:\maimai\Maichart-Converts\niconicoボーカロイド\11086_タレカノシンソウニナレタナラ_DX
F:\maimai\Maichart-Converts\niconicoボーカロイド\11793_エイフリルスタア_DX
F:\maimai\Maichart-Converts\ゲームバラエティ\85_JACKYREMIX
F:\maimai\Maichart-Converts\maimai\139_ACCELERATION
F:\maimai\Maichart-Converts\maimai\631_KINGISBACK
F:\maimai\Maichart-Converts\ゲームバラエティ\11491_LUMINARIA_DX
F:\maimai\Maichart-Converts\POPSアニメ\790_ONLYMYRAILGUN
F:\maimai\Maichart-Converts\niconicoボーカロイド\10256_イイアルフアンクラフ
F:\maimai\Maichart-Converts\ゲームバラエティ\326_コトハカラフル
F:\maimai\Maichart-Converts\ゲームバラエティ\11571_LIGHTSOFMUSE_DX
F:\maimai\Maichart-Converts\niconicoボーカロイド\11600_カンシヨウテイシイフ_DX
F:\maimai\Maichart-Converts\POPSアニメ\484_LUMINIZE
F:\maimai\Maichart-Converts\maimai\11377_ハラマウントシヨオタイム_DX
F:\maimai\Maichart-Converts\POPSアニメ\903_かいーび
F:\maimai\Maichart-Converts\niconicoボーカロイド\11834_ケツコウ_DX
F:\maimai\Maichart-Converts\maimai\11162_ユメヒハナ_DX
F:\maimai\Maichart-Converts\niconicoボーカロイド\322_リンコカレンカ
F:\maimai\Maichart-Converts\宴会場\111355_ラクトレイン_DX
F:\maimai\Maichart-Converts\POPSアニメ\34_Garden
F:\maimai\Maichart-Converts\オンゲキCHUNITHM\11605_BADAPPLEFEATNOMICOイカラシナテシコVER_DX
F:\maimai\Maichart-Converts\maimai\1020_TECHNICIANSHIGH
F:\maimai\Maichart-Converts\maimai\403_イタスラ
F:\maimai\Maichart-Converts\東方Project\11276_イマタレカタメノカカリヒヘ_DX
F:\maimai\Maichart-Converts\宴会場\100227_GARAKUTADOLLPLAY_DX
F:\maimai\Maichart-Converts\POPSアニメ\11569_タマシイノルフラン_DX
F:\maimai\Maichart-Converts\ゲームバラエティ\1085_HALCYON
F:\maimai\Maichart-Converts\東方Project\11138_DRIVEYOURFIRE_DX
F:\maimai\Maichart-Converts\ゲームバラエティ\11584_コンテイニユウFEATアイツキナクル_DX
F:\maimai\Maichart-Converts\niconicoボーカロイド\806_ナイトメアハアテイナイト
F:\maimai\Maichart-Converts\POPSアニメ\11779_フラネタリウムレウユウ_DX
F:\maimai\Maichart-Converts\maimai\137_SPINMEHARDER
F:\maimai\Maichart-Converts\maimai\11806_FRAQ_DX
F:\maimai\Maichart-Converts\POPSアニメ\753_RODEOMACHINE
F:\maimai\Maichart-Converts\maimai\68_オレンシノナツ
F:\maimai\Maichart-Converts\niconicoボーカロイド\11050_STROBEGIRL_DX
F:\maimai\Maichart-Converts\niconicoボーカロイド\521_ECHO
F:\maimai\Maichart-Converts\niconicoボーカロイド\10552_コオストルウル_DX
F:\maimai\Maichart-Converts\オンゲキCHUNITHM\771_WEGONNAJOURNEY
F:\maimai\Maichart-Converts\niconicoボーカロイド\725_スナノワクセイ
F:\maimai\Maichart-Converts\東方Project\602_TABOOTEARSYOUUP
F:\maimai\Maichart-Converts\POPSアニメ\15_Everyday、カチューシャ
F:\maimai\Maichart-Converts\オンゲキCHUNITHM\546_フオルテシモBELL
F:\maimai\Maichart-Converts\maimai\457_コトノハユウキ
F:\maimai\Maichart-Converts\maimai\363_OSHAMASCRAMBLE
F:\maimai\Maichart-Converts\maimai\11235_VIIIBITEXPLORER_DX
F:\maimai\Maichart-Converts\maimai\11392_METAMORPHOSISM_DX
F:\maimai\Maichart-Converts\ゲームバラエティ\212_カムロセツケツカ
F:\maimai\Maichart-Converts\宴会場\110553_チユルリラチユルリラタツタツタ_DX
F:\maimai\Maichart-Converts\niconicoボーカロイド\10316_MSSPLANET_DX
F:\maimai\Maichart-Converts\ゲームバラエティ\734_ENERGYSYNERGYMATRIX
F:\maimai\Maichart-Converts\maimai\11456_フンカイシユウソクテイル_DX
F:\maimai\Maichart-Converts\niconicoボーカロイド\11602_セツタイテキタイメチヤキライヤア_DX
F:\maimai\Maichart-Converts\ゲームバラエティ\11293_LOSECONTROL_DX
F:\maimai\Maichart-Converts\maimai\119_ソオランフシ
F:\maimai\Maichart-Converts\niconicoボーカロイド\284_ムカシムカシノキヨウノホク
F:\maimai\Maichart-Converts\POPSアニメ\479_DRAGONNIGHT
F:\maimai\Maichart-Converts\niconicoボーカロイド\11125_クレイシイヒイト_DX
F:\maimai\Maichart-Converts\niconicoボーカロイド\11485_フオニイ_DX
F:\maimai\Maichart-Converts\POPSアニメ\10728_POPTEAMEPIC
F:\maimai\Maichart-Converts\ゲームバラエティ\11502_エナトリオイシイソンク_DX
F:\maimai\Maichart-Converts\maimai\11537_STRAIGHTINTOTHELIGHTS_DX
F:\maimai\Maichart-Converts\POPSアニメ\11151_ウマトシカ_DX
F:\maimai\Maichart-Converts\niconicoボーカロイド\191_ノウシヨウサクレツカアル
F:\maimai\Maichart-Converts\maimai\465_スリツフフリツフ
F:\maimai\Maichart-Converts\東方Project\424_チエンノケンソウキヨウオント
F:\maimai\Maichart-Converts\POPSアニメ\165_リライト
F:\maimai\Maichart-Converts\maimai\11093_UNITAS_DX
F:\maimai\Maichart-Converts\POPSアニメ\11837_シカイロテイス_DX
F:\maimai\Maichart-Converts\niconicoボーカロイド\11654_シエヘナ_DX
F:\maimai\Maichart-Converts\POPSアニメ\654_シンハンサムタイソウテスントコホイ
F:\maimai\Maichart-Converts\POPSアニメ\551_フアツトシテトウケンキヨウ
F:\maimai\Maichart-Converts\POPSアニメ\11731_シユカアホリツク_DX
F:\maimai\Maichart-Converts\niconicoボーカロイド\11710_サイハアサンタアサイタア_DX
F:\maimai\Maichart-Converts\オンゲキCHUNITHM\11551_STARREDHEART_DX
F:\maimai\Maichart-Converts\maimai\11310_TRICKTEAR_DX
F:\maimai\Maichart-Converts\オンゲキCHUNITHM\10420_CHANGEOURMIRAI_DX
F:\maimai\Maichart-Converts\maimai\11231_セイメイフシヨウ_DX
F:\maimai\Maichart-Converts\POPSアニメ\11431_ケンヲヌケGCCXMAX_DX
F:\maimai\Maichart-Converts\niconicoボーカロイド\11186_アンクロオスヒユウマン_DX
F:\maimai\Maichart-Converts\POPSアニメ\181_キミノシラナイモノカタリ
F:\maimai\Maichart-Converts\東方Project\427_シヨウシヨケンソウセンリツキヨクNECROFANTASIA
F:\maimai\Maichart-Converts\ゲームバラエティ\778_CONQUISTACIELA
F:\maimai\Maichart-Converts\ゲームバラエティ\11633_OMAKENOSTROKE_DX
F:\maimai\Maichart-Converts\POPSアニメ\776_ニシヨメチヤンタイソウタイイチオク
F:\maimai\Maichart-Converts\ゲームバラエティ\11373_ヒステリツクナイトカアル_DX
F:\maimai\Maichart-Converts\ゲームバラエティ\266_LIVINGUNIVERSE
F:\maimai\Maichart-Converts\POPSアニメ\698_FANTASTICDREAMER
F:\maimai\Maichart-Converts\ゲームバラエティ\154_DORORODERODEROONDORORO
F:\maimai\Maichart-Converts\POPSアニメ\560_マワレセツケツカ
F:\maimai\Maichart-Converts\niconicoボーカロイド\11073_アカリカヤツテキタソツ_DX
F:\maimai\Maichart-Converts\宴会場\100524_HANDINHAND
F:\maimai\Maichart-Converts\maimai\629_LIMITBREAK
F:\maimai\Maichart-Converts\niconicoボーカロイド\332_アケアケアケイン
F:\maimai\Maichart-Converts\niconicoボーカロイド\10706_シヤルル
F:\maimai\Maichart-Converts\maimai\11619_KHYMERA_DX
F:\maimai\Maichart-Converts\オンゲキCHUNITHM\11822_SUPERSONICGENERATION_DX
F:\maimai\Maichart-Converts\宴会場\100363_OSHAMASCRAMBLE
F:\maimai\Maichart-Converts\maimai\11541_ヨイノトリ_DX
F:\maimai\Maichart-Converts\POPSアニメ\11037_HOTLIMIT_DX
F:\maimai\Maichart-Converts\maimai\8_TRUELOVESONG
F:\maimai\Maichart-Converts\東方Project\540_ウタカタアイノマホロハ
F:\maimai\Maichart-Converts\東方Project\10602_TABOOTEARSYOUUP
F:\maimai\Maichart-Converts\ゲームバラエティ\11213_ARTYPARTY_DX
F:\maimai\Maichart-Converts\maimai\11749_アリアケARIAKE_DX
F:\maimai\Maichart-Converts\POPSアニメ\11836_ヒヒテハ_DX
F:\maimai\Maichart-Converts\宴会場\100282_からくりピエロ
F:\maimai\Maichart-Converts\宴会場\100772_FREEDOMDIVE(TPZOVERCUTEREMIX
F:\maimai\Maichart-Converts\宴会場\110532_センノウ_DX
F:\maimai\Maichart-Converts\ゲームバラエティ\387_FUJINRUMBLE
F:\maimai\Maichart-Converts\niconicoボーカロイド\11500_アキノミカクニンセイフツ_DX
F:\maimai\Maichart-Converts\niconicoボーカロイド\843_ワンタアラスト
F:\maimai\Maichart-Converts\maimai\10145_STARLIGHTDISCO_DX
F:\maimai\Maichart-Converts\POPSアニメ\11652_HUMANBORG_DX
F:\maimai\Maichart-Converts\POPSアニメ\11590_アツスキノウタ_DX
F:\maimai\Maichart-Converts\宴会場\111838_メスマライサア_DX
F:\maimai\Maichart-Converts\POPSアニメ\41_Chu Chu
F:\maimai\Maichart-Converts\東方Project\11066_ケキオコステイツクフアイナリアリテイフンフンマスタアスハアク_DX
F:\maimai\Maichart-Converts\POPSアニメ\11042_フレフレヘストフレンス_DX
F:\maimai\Maichart-Converts\niconicoボーカロイド\565_イキテルオハケハイキテイル
F:\maimai\Maichart-Converts\niconicoボーカロイド\621_ARROW
F:\maimai\Maichart-Converts\ゲームバラエティ\297_THEGREATJOURNEY
F:\maimai\Maichart-Converts\POPSアニメ\305_POPSTAR
F:\maimai\Maichart-Converts\niconicoボーカロイド\285_MAGICIANSOPERATION
F:\maimai\Maichart-Converts\POPSアニメ\167_GO!!!
F:\maimai\Maichart-Converts\maimai\11539_リフウエイン_DX
F:\maimai\Maichart-Converts\東方Project\201_マリサハタイヘンナモノヲヌスンテイキマシタ
F:\maimai\Maichart-Converts\niconicoボーカロイド\11439_シヤンキイナイトタウンオオケストラ_DX
F:\maimai\Maichart-Converts\ゲームバラエティ\11792_ハケシコノヨルPSYLENTCRAZYNIGHT_DX
F:\maimai\Maichart-Converts\POPSアニメ\853_センセンセンセ
F:\maimai\Maichart-Converts\niconicoボーカロイド\10411_ハツネミクノシヨウシツ
F:\maimai\Maichart-Converts\東方Project\359_YUMU
F:\maimai\Maichart-Converts\maimai\11615_ホワワンケキシヨウ_DX
F:\maimai\Maichart-Converts\maimai\662_SUNSHINEWORLDTOUR
F:\maimai\Maichart-Converts\niconicoボーカロイド\11711_オクスリノンテネヨウ_DX
F:\maimai\Maichart-Converts\東方Project\10225_SWEETLITTLESISTER_DX
F:\maimai\Maichart-Converts\POPSアニメ\11693_カコヲクラウ_DX
F:\maimai\Maichart-Converts\niconicoボーカロイド\511_ハアフエクトセイメイ
F:\maimai\Maichart-Converts\宴会場\100230_CYCLES
F:\maimai\Maichart-Converts\ゲームバラエティ\11722_MAKEUPYOURWORLDFEATキヨンシイノCIチヤンラツフヒト_DX
F:\maimai\Maichart-Converts\POPSアニメ\902_麻煩下一位
F:\maimai\Maichart-Converts\ゲームバラエティ\11646_カムイ_DX
F:\maimai\Maichart-Converts\maimai\10235_カエンシコク_DX
F:\maimai\Maichart-Converts\ゲームバラエティ\11288_BIGDADDY_DX
F:\maimai\Maichart-Converts\POPSアニメ\728_POPTEAMEPIC
F:\maimai\Maichart-Converts\ゲームバラエティ\381_BBKKBKK
F:\maimai\Maichart-Converts\宴会場\111488_スカアレツトケイサツノケツトオハトロオル24シ_DX
F:\maimai\Maichart-Converts\東方Project\700_シツソウアンサンフル
F:\maimai\Maichart-Converts\maimai\11535_REDEMPTION_DX
F:\maimai\Maichart-Converts\maimai\11237_ソウキユウフカク_DX
F:\maimai\Maichart-Converts\ゲームバラエティ\11509_NIGHTTHEATER_DX
F:\maimai\Maichart-Converts\niconicoボーカロイド\11123_スタアリイスカイハレエト_DX
F:\maimai\Maichart-Converts\niconicoボーカロイド\598_スウハアヌコニナリタイ
F:\maimai\Maichart-Converts\maimai\11002_SECRETSLEUTH_DX
F:\maimai\Maichart-Converts\ゲームバラエティ\442_SIGNSOFLOVENEVERMOREVER
F:\maimai\Maichart-Converts\POPSアニメ\499_ナツマツリ
F:\maimai\Maichart-Converts\niconicoボーカロイド\11519_ンツアツアツ_DX
F:\maimai\Maichart-Converts\東方Project\10641_CALAMITYFORTUNE
F:\maimai\Maichart-Converts\maimai\384_VERTEX
F:\maimai\Maichart-Converts\maimai\11007_チヨウシヨウマイマイン_DX
F:\maimai\Maichart-Converts\niconicoボーカロイド\11597_ノンフレスオフリイシユ_DX
F:\maimai\Maichart-Converts\POPSアニメ\402_ニブンノイチ
F:\maimai\Maichart-Converts\東方Project\435_ネカイヲヨフキセツ
F:\maimai\Maichart-Converts\オンゲキCHUNITHM\528_INVITATION
F:\maimai\Maichart-Converts\maimai\11683_THECURSEDDOLL_DX
F:\maimai\Maichart-Converts\niconicoボーカロイド\10690_タンスロホツトタンス
F:\maimai\Maichart-Converts\niconicoボーカロイド\10690_タンスロホツトタンス_DX
F:\maimai\Maichart-Converts\ゲームバラエティ\77_カイトウRノテエマ
F:\maimai\Maichart-Converts\POPSアニメ\11407_クラヘラレツコ_DX
F:\maimai\Maichart-Converts\オンゲキCHUNITHM\11400_FOLERN_DX
F:\maimai\Maichart-Converts\maimai\11543_モルモルMZKSKIPPINREMIX_DX
F:\maimai\Maichart-Converts\maimai\11395_JOUEZAVECMOI_DX
F:\maimai\Maichart-Converts\POPSアニメ\369_ホトントイホウ
F:\maimai\Maichart-Converts\niconicoボーカロイド\742_スイセイハネムウン
F:\maimai\Maichart-Converts\niconicoボーカロイド\11593_ワタシノトツヘルケンカア_DX
F:\maimai\Maichart-Converts\maimai\11090_FLASHKICK_DX
F:\maimai\Maichart-Converts\niconicoボーカロイド\11131_シンカイシテイアンタアクラウント_DX
F:\maimai\Maichart-Converts\ゲームバラエティ\658_ヒトサトニクタツタアタイカイツノマニカシヤチクニナツテイタケン
F:\maimai\Maichart-Converts\東方Project\314_COSMICMAGICSHOOTER
F:\maimai\Maichart-Converts\POPSアニメ\336_クレンノユミヤ
F:\maimai\Maichart-Converts\POPSアニメ\11356_ナタメスカシネコシエエシヨンテレヒサイス_DX
F:\maimai\Maichart-Converts\POPSアニメ\182_残酷な天使のテーゼ
F:\maimai\Maichart-Converts\ゲームバラエティ\271_BRANDNEWJAPANESQUE
F:\maimai\Maichart-Converts\東方Project\225_SWEETLITTLESISTER
F:\maimai\Maichart-Converts\niconicoボーカロイド\517_トウキヨウリアルワアルト
F:\maimai\Maichart-Converts\niconicoボーカロイド\11629_ネツイシヨウ_DX
F:\maimai\Maichart-Converts\POPSアニメ\10560_マワレセツケツカ
F:\maimai\Maichart-Converts\東方Project\10202_GRIPANDBREAKDOWN
F:\maimai\Maichart-Converts\maimai\232_LIFEFEELSGOOD
F:\maimai\Maichart-Converts\niconicoボーカロイド\64_オシエテマホウノリリツク
F:\maimai\Maichart-Converts\niconicoボーカロイド\829_ハイホクノシヨウネン
F:\maimai\Maichart-Converts\オンゲキCHUNITHM\11626_RING_DX
F:\maimai\Maichart-Converts\niconicoボーカロイド\11783_SNOOZE_DX
F:\maimai\Maichart-Converts\宴会場\100606_THEWHEELTOTHERIGHT
F:\maimai\Maichart-Converts\maimai\10422_LANCE_DX
F:\maimai\Maichart-Converts\オンゲキCHUNITHM\11473_CATCHMEIFYOUCAN_DX
F:\maimai\Maichart-Converts\niconicoボーカロイド\11447_エコロツク_DX
F:\maimai\Maichart-Converts\maimai\11753_チユウテン_DX
F:\maimai\Maichart-Converts\niconicoボーカロイド\11785_テラテラ_DX
F:\maimai\Maichart-Converts\maimai\664_MOONOFNOON
F:\maimai\Maichart-Converts\maimai\11384_HAGAKIRI_DX
F:\maimai\Maichart-Converts\東方Project\586_エイエンノメロテイ
F:\maimai\Maichart-Converts\東方Project\732_LOVEEAST
F:\maimai\Maichart-Converts\niconicoボーカロイド\11218_シシヨウムシヨク_DX
F:\maimai\Maichart-Converts\オンゲキCHUNITHM\11451_TRANSCENDLIGHTS_DX
F:\maimai\Maichart-Converts\niconicoボーカロイド\720_ナンセンスフンカク
F:\maimai\Maichart-Converts\maimai\11297_カミカカリ_DX
F:\maimai\Maichart-Converts\maimai\229_クルクルWASHコインラントリイテイスコ
F:\maimai\Maichart-Converts\maimai\141_NERVERAKES
F:\maimai\Maichart-Converts\maimai\262_BREAKYOU
F:\maimai\Maichart-Converts\niconicoボーカロイド\11188_タエマナクアイイロ_DX
F:\maimai\Maichart-Converts\オンゲキCHUNITHM\11606_SNOWCOLOREDSCORE_DX
F:\maimai\Maichart-Converts\niconicoボーカロイド\708_ハレリイコ
F:\maimai\Maichart-Converts\ゲームバラエティ\740_ULTRABK
F:\maimai\Maichart-Converts\niconicoボーカロイド\11133_CATCHTHEWAVE_DX
F:\maimai\Maichart-Converts\maimai\11470_ヒカリニテラサレルオオミチ_DX
F:\maimai\Maichart-Converts\東方Project\758_INFINITEWORLD
F:\maimai\Maichart-Converts\niconicoボーカロイド\11714_トクメイM_DX
F:\maimai\Maichart-Converts\東方Project\802_フシキノクニノクリスマス
F:\maimai\Maichart-Converts\ゲームバラエティ\11143_アトロホストサイハテノタンキユウシヤ_DX
F:\maimai\Maichart-Converts\オンゲキCHUNITHM\11030_BOKUTO_DX
F:\maimai\Maichart-Converts\maimai\35_タンコウフシ
F:\maimai\Maichart-Converts\POPSアニメ\498_ナツニキスシテイイテスカ
F:\maimai\Maichart-Converts\宴会場\111234_ホシソラスヘクタクル_DX
F:\maimai\Maichart-Converts\ゲームバラエティ\22_INCHAOS
F:\maimai\Maichart-Converts\niconicoボーカロイド\11371_アイトルシンエイタイ_DX
F:\maimai\Maichart-Converts\ゲームバラエティ\11428_BANG_DX
F:\maimai\Maichart-Converts\宴会場\100524_HANDINHAND_DX
F:\maimai\Maichart-Converts\maimai\773_SILENTBLUE
F:\maimai\Maichart-Converts\ゲームバラエティ\1051_DESTR0YER
F:\maimai\Maichart-Converts\ゲームバラエティ\11147_SAIKA_DX
F:\maimai\Maichart-Converts\niconicoボーカロイド\299_ロストワンノコウコク
F:\maimai\Maichart-Converts\maimai\11390_OTOGEMA_DX
F:\maimai\Maichart-Converts\ゲームバラエティ\796_キヨクケン
F:\maimai\Maichart-Converts\maimai\11388_チユウリンクノアト_DX
F:\maimai\Maichart-Converts\ゲームバラエティ\11726_TRUST_DX
F:\maimai\Maichart-Converts\niconicoボーカロイド\508_レンアイサイハン
F:\maimai\Maichart-Converts\POPSアニメ\321_ハラライカ
F:\maimai\Maichart-Converts\POPSアニメ\11634_セイシユンコンフレツクス_DX
F:\maimai\Maichart-Converts\POPSアニメ\11555_ヒハリ_DX
